"C:/Users/Maksimov/Documents/Unreal Projects/LeadCT_TAC/Content/Assets/Characters/Pigeon/Giga/GigaDown_02.uasset" 0
"../../Plugins/2D/Paper2D/Content/PlaceholderTextures/DummySpriteTexture.uasset" 1
"../../Plugins/2D/Paper2D/Content/DefaultSpriteMaterial.uasset" 2
"../../Plugins/2D/Paper2D/Content/TranslucentUnlitSpriteMaterial.uasset" 3
"C:/Users/Maksimov/Documents/Unreal Projects/LeadCT_TAC/Content/Assets/Characters/Pigeon/Giga/GigaDown_02_Sprite.uasset" 4
"C:/Users/Maksimov/Documents/Unreal Projects/LeadCT_TAC/Content/Assets/Characters/Pigeon/Giga/GigaDown_01.uasset" 5
"C:/Users/Maksimov/Documents/Unreal Projects/LeadCT_TAC/Content/Assets/Characters/Pigeon/Giga/GigaDown_01_Sprite.uasset" 6
"C:/Users/Maksimov/Documents/Unreal Projects/LeadCT_TAC/Content/Assets/Characters/Pigeon/Giga/GigaDown.uasset" 7
"C:/Users/Maksimov/Documents/Unreal Projects/LeadCT_TAC/Content/Assets/Characters/Pigeon/Giga/GigaUp_02.uasset" 8
"C:/Users/Maksimov/Documents/Unreal Projects/LeadCT_TAC/Content/Assets/Characters/Pigeon/Giga/GigaUp_02_Sprite.uasset" 9
"C:/Users/Maksimov/Documents/Unreal Projects/LeadCT_TAC/Content/Assets/Characters/Pigeon/Giga/GigaUp_01.uasset" 10
"C:/Users/Maksimov/Documents/Unreal Projects/LeadCT_TAC/Content/Assets/Characters/Pigeon/Giga/GigaUp_01_Sprite.uasset" 11
"C:/Users/Maksimov/Documents/Unreal Projects/LeadCT_TAC/Content/Assets/Characters/Pigeon/Giga/GigaUp.uasset" 12
"C:/Users/Maksimov/Documents/Unreal Projects/LeadCT_TAC/Content/Assets/Characters/Pigeon/Giga/Giga_IdleUp.uasset" 13
"C:/Users/Maksimov/Documents/Unreal Projects/LeadCT_TAC/Content/Assets/Characters/Pigeon/Giga/Giga_Idle_Down.uasset" 14
"C:/Users/Maksimov/Documents/Unreal Projects/LeadCT_TAC/Content/Assets/Characters/Pigeon/Hipster/HipsterUp_02.uasset" 15
"C:/Users/Maksimov/Documents/Unreal Projects/LeadCT_TAC/Content/Assets/Characters/Pigeon/Hipster/HipsterUp_02_Sprite.uasset" 16
"C:/Users/Maksimov/Documents/Unreal Projects/LeadCT_TAC/Content/Assets/Characters/Pigeon/Hipster/HipsterUp_01.uasset" 17
"C:/Users/Maksimov/Documents/Unreal Projects/LeadCT_TAC/Content/Assets/Characters/Pigeon/Hipster/HipsterUp_01_Sprite.uasset" 18
"C:/Users/Maksimov/Documents/Unreal Projects/LeadCT_TAC/Content/Assets/Characters/Pigeon/Hipster/HipsterUp.uasset" 19
"C:/Users/Maksimov/Documents/Unreal Projects/LeadCT_TAC/Content/Assets/Characters/Pigeon/Hipster/Hipster_Idle_Up.uasset" 20
"C:/Users/Maksimov/Documents/Unreal Projects/LeadCT_TAC/Content/Assets/Characters/Pigeon/Spawn/8.uasset" 21
"C:/Users/Maksimov/Documents/Unreal Projects/LeadCT_TAC/Content/Assets/Characters/Pigeon/Spawn/8_Sprite.uasset" 22
"C:/Users/Maksimov/Documents/Unreal Projects/LeadCT_TAC/Content/Assets/Characters/Pigeon/Spawn/7.uasset" 23
"C:/Users/Maksimov/Documents/Unreal Projects/LeadCT_TAC/Content/Assets/Characters/Pigeon/Spawn/7_Sprite.uasset" 24
"C:/Users/Maksimov/Documents/Unreal Projects/LeadCT_TAC/Content/Assets/Characters/Pigeon/Spawn/6.uasset" 25
"C:/Users/Maksimov/Documents/Unreal Projects/LeadCT_TAC/Content/Assets/Characters/Pigeon/Spawn/6_Sprite.uasset" 26
"C:/Users/Maksimov/Documents/Unreal Projects/LeadCT_TAC/Content/Assets/Characters/Pigeon/Spawn/5.uasset" 27
"C:/Users/Maksimov/Documents/Unreal Projects/LeadCT_TAC/Content/Assets/Characters/Pigeon/Spawn/5_Sprite.uasset" 28
"C:/Users/Maksimov/Documents/Unreal Projects/LeadCT_TAC/Content/Assets/Characters/Pigeon/Spawn/4.uasset" 29
"C:/Users/Maksimov/Documents/Unreal Projects/LeadCT_TAC/Content/Assets/Characters/Pigeon/Spawn/4_Sprite.uasset" 30
"C:/Users/Maksimov/Documents/Unreal Projects/LeadCT_TAC/Content/Assets/Characters/Pigeon/Spawn/3.uasset" 31
"C:/Users/Maksimov/Documents/Unreal Projects/LeadCT_TAC/Content/Assets/Characters/Pigeon/Spawn/3_Sprite.uasset" 32
"C:/Users/Maksimov/Documents/Unreal Projects/LeadCT_TAC/Content/Assets/Characters/Pigeon/Spawn/2.uasset" 33
"C:/Users/Maksimov/Documents/Unreal Projects/LeadCT_TAC/Content/Assets/Characters/Pigeon/Spawn/2_Sprite.uasset" 34
"C:/Users/Maksimov/Documents/Unreal Projects/LeadCT_TAC/Content/Assets/Characters/Pigeon/Spawn/1.uasset" 35
"C:/Users/Maksimov/Documents/Unreal Projects/LeadCT_TAC/Content/Assets/Characters/Pigeon/Spawn/1_Sprite.uasset" 36
"C:/Users/Maksimov/Documents/Unreal Projects/LeadCT_TAC/Content/Assets/Characters/Pigeon/Spawn/1_Sprite1.uasset" 37
"C:/Users/Maksimov/Documents/Unreal Projects/LeadCT_TAC/Content/Assets/Materials/Master_Material_Ice.uasset" 38
"C:/Users/Maksimov/Documents/Unreal Projects/LeadCT_TAC/Content/Assets/Materials/MI_Ice.uasset" 39
"C:/Users/Maksimov/Documents/Unreal Projects/LeadCT_TAC/Content/Assets/Meshes/Arbat/Arc/Yellow_Flower.uasset" 40
"C:/Users/Maksimov/Documents/Unreal Projects/LeadCT_TAC/Content/Assets/Sound_FX/PickUp/608431_plasterbrain_shiny-coin-pickup__mp3cut_net_.uasset" 41
"C:/Users/Maksimov/Documents/Unreal Projects/LeadCT_TAC/Content/Assets/Sound_FX/PickUp/PickUp_Sound.uasset" 42
"C:/Users/Maksimov/Documents/Unreal Projects/LeadCT_TAC/Content/Assets/Textures/MouseTmp.uasset" 43
"C:/Users/Maksimov/Documents/Unreal Projects/LeadCT_TAC/Content/Assets/Textures/Sprites/Zabr/Stone_3.uasset" 44
"C:/Users/Maksimov/Documents/Unreal Projects/LeadCT_TAC/Content/Assets/Textures/Sprites/Zabr/Stone_3_Sprite.uasset" 45
"C:/Users/Maksimov/Documents/Unreal Projects/LeadCT_TAC/Content/Blueprints/Pawns/Nikita/Enums/Enum_Respawn.uasset" 46
"C:/Users/Maksimov/Documents/Unreal Projects/LeadCT_TAC/Content/Blueprints/Pawns/Nikita/Enums/Enum_Worlds.uasset" 47
"C:/Users/Maksimov/Documents/Unreal Projects/LeadCT_TAC/Content/Blueprints/Pawns/Nikita/Enums/E_Punches.uasset" 48
"C:/Users/Maksimov/Documents/Unreal Projects/LeadCT_TAC/Content/StarterContent/Materials/M_Basic_Wall.uasset" 49
"C:/Users/Maksimov/Documents/Unreal Projects/LeadCT_TAC/Content/StarterContent/Architecture/Pillar_50x500.uasset" 50
"C:/Users/Maksimov/Documents/Unreal Projects/LeadCT_TAC/Content/StarterContent/Architecture/Wall_400x300.uasset" 51
"C:/Users/Maksimov/Documents/Unreal Projects/LeadCT_TAC/Content/StarterContent/Architecture/Wall_400x400.uasset" 52
"C:/Users/Maksimov/Documents/Unreal Projects/LeadCT_TAC/Content/StarterContent/Architecture/Wall_500x500.uasset" 53
"C:/Users/Maksimov/Documents/Unreal Projects/LeadCT_TAC/Content/StarterContent/Architecture/Wall_Door_400x400.uasset" 54
"C:/Users/Maksimov/Documents/Unreal Projects/LeadCT_TAC/Content/StarterContent/Architecture/Wall_Window_400x400.uasset" 55
"C:/Users/Maksimov/Documents/Unreal Projects/LeadCT_TAC/Content/StarterContent/Audio/Collapse01.uasset" 56
"C:/Users/Maksimov/Documents/Unreal Projects/LeadCT_TAC/Content/StarterContent/Audio/Collapse02.uasset" 57
"C:/Users/Maksimov/Documents/Unreal Projects/LeadCT_TAC/Content/StarterContent/Audio/Explosion01.uasset" 58
"C:/Users/Maksimov/Documents/Unreal Projects/LeadCT_TAC/Content/StarterContent/Audio/Explosion02.uasset" 59
"C:/Users/Maksimov/Documents/Unreal Projects/LeadCT_TAC/Content/StarterContent/Audio/Fire01.uasset" 60
"C:/Users/Maksimov/Documents/Unreal Projects/LeadCT_TAC/Content/StarterContent/Audio/Fire_Sparks01.uasset" 61
"C:/Users/Maksimov/Documents/Unreal Projects/LeadCT_TAC/Content/StarterContent/Audio/Light01.uasset" 62
"C:/Users/Maksimov/Documents/Unreal Projects/LeadCT_TAC/Content/StarterContent/Audio/Light01_Cue.uasset" 63
"C:/Users/Maksimov/Documents/Unreal Projects/LeadCT_TAC/Content/StarterContent/Audio/Light02.uasset" 64
"C:/Users/Maksimov/Documents/Unreal Projects/LeadCT_TAC/Content/StarterContent/Audio/Light02_Cue.uasset" 65
"C:/Users/Maksimov/Documents/Unreal Projects/LeadCT_TAC/Content/StarterContent/Audio/Smoke01.uasset" 66
"C:/Users/Maksimov/Documents/Unreal Projects/LeadCT_TAC/Content/StarterContent/Audio/Starter_Birds01.uasset" 67
"C:/Users/Maksimov/Documents/Unreal Projects/LeadCT_TAC/Content/StarterContent/Audio/Starter_Music01.uasset" 68
"C:/Users/Maksimov/Documents/Unreal Projects/LeadCT_TAC/Content/StarterContent/Audio/Starter_Wind05.uasset" 69
"C:/Users/Maksimov/Documents/Unreal Projects/LeadCT_TAC/Content/StarterContent/Audio/Starter_Wind06.uasset" 70
"C:/Users/Maksimov/Documents/Unreal Projects/LeadCT_TAC/Content/StarterContent/Audio/Steam01.uasset" 71
"C:/Users/Maksimov/Documents/Unreal Projects/LeadCT_TAC/Content/StarterContent/Textures/T_Smoke_Tiled_D.uasset" 72
"C:/Users/Maksimov/Documents/Unreal Projects/LeadCT_TAC/Content/StarterContent/Textures/T_Smoke_SubUV.uasset" 73
"C:/Users/Maksimov/Documents/Unreal Projects/LeadCT_TAC/Content/StarterContent/Particles/Materials/M_smoke_subUV.uasset" 74
"../../../Engine/Content/Functions/Engine_MaterialFunctions01/Gradient/RadialGradient.uasset" 75
"C:/Users/Maksimov/Documents/Unreal Projects/LeadCT_TAC/Content/StarterContent/Particles/Materials/M_radial_ramp.uasset" 76
"C:/Users/Maksimov/Documents/Unreal Projects/LeadCT_TAC/Content/StarterContent/Particles/Materials/m_flare_01.uasset" 77
"C:/Users/Maksimov/Documents/Unreal Projects/LeadCT_TAC/Content/StarterContent/Textures/T_Explosion_SubUV.uasset" 78
"C:/Users/Maksimov/Documents/Unreal Projects/LeadCT_TAC/Content/StarterContent/Particles/Materials/M_explosion_subUV.uasset" 79
"C:/Users/Maksimov/Documents/Unreal Projects/LeadCT_TAC/Content/StarterContent/Textures/T_Burst_M.uasset" 80
"C:/Users/Maksimov/Documents/Unreal Projects/LeadCT_TAC/Content/StarterContent/Particles/Materials/M_Burst.uasset" 81
"C:/Users/Maksimov/Documents/Unreal Projects/LeadCT_TAC/Content/StarterContent/Particles/P_Explosion.uasset" 82
"C:/Users/Maksimov/Documents/Unreal Projects/LeadCT_TAC/Content/StarterContent/Audio/Explosion_Cue.uasset" 83
"C:/Users/Maksimov/Documents/Unreal Projects/LeadCT_TAC/Content/StarterContent/Blueprints/Blueprint_Effect_Explosion.uasset" 84
"../../../Engine/Content/EditorMeshes/ColorCalibrator/T_ColorGrid.uasset" 85
"C:/Users/Maksimov/Documents/Unreal Projects/LeadCT_TAC/Content/StarterContent/Materials/M_ColorGrid_LowSpec.uasset" 86
"C:/Users/Maksimov/Documents/Unreal Projects/LeadCT_TAC/Content/StarterContent/Textures/T_Bush_N.uasset" 87
"C:/Users/Maksimov/Documents/Unreal Projects/LeadCT_TAC/Content/StarterContent/Textures/T_Bush_D.uasset" 88
"C:/Users/Maksimov/Documents/Unreal Projects/LeadCT_TAC/Content/StarterContent/Props/Materials/M_Bush.uasset" 89
"C:/Users/Maksimov/Documents/Unreal Projects/LeadCT_TAC/Content/StarterContent/Props/SM_Bush.uasset" 90
"C:/Users/Maksimov/Documents/Unreal Projects/LeadCT_TAC/Content/StarterContent/Textures/T_Chair_N.uasset" 91
"C:/Users/Maksimov/Documents/Unreal Projects/LeadCT_TAC/Content/StarterContent/Textures/T_Chair_M.uasset" 92
"C:/Users/Maksimov/Documents/Unreal Projects/LeadCT_TAC/Content/StarterContent/Props/Materials/M_Chair.uasset" 93
"C:/Users/Maksimov/Documents/Unreal Projects/LeadCT_TAC/Content/StarterContent/Props/SM_Couch.uasset" 94
"C:/Users/Maksimov/Documents/Unreal Projects/LeadCT_TAC/Content/StarterContent/Textures/T_Door_N.uasset" 95
"C:/Users/Maksimov/Documents/Unreal Projects/LeadCT_TAC/Content/StarterContent/Textures/T_Door_M.uasset" 96
"C:/Users/Maksimov/Documents/Unreal Projects/LeadCT_TAC/Content/StarterContent/Props/Materials/M_Door.uasset" 97
"C:/Users/Maksimov/Documents/Unreal Projects/LeadCT_TAC/Content/StarterContent/Materials/M_Glass.uasset" 98
"C:/Users/Maksimov/Documents/Unreal Projects/LeadCT_TAC/Content/StarterContent/Props/SM_Door.uasset" 99
"C:/Users/Maksimov/Documents/Unreal Projects/LeadCT_TAC/Content/StarterContent/Props/Materials/M_MaterialSphere_Plain.uasset" 100
"C:/Users/Maksimov/Documents/Unreal Projects/LeadCT_TAC/Content/StarterContent/Props/Materials/M_MaterialSphere.uasset" 101
"C:/Users/Maksimov/Documents/Unreal Projects/LeadCT_TAC/Content/StarterContent/Props/SM_MatPreviewMesh_02.uasset" 102
"C:/Users/Maksimov/Documents/Unreal Projects/LeadCT_TAC/Content/StarterContent/Textures/T_RockMesh_N.uasset" 103
"C:/Users/Maksimov/Documents/Unreal Projects/LeadCT_TAC/Content/StarterContent/Textures/T_RockMesh_M.uasset" 104
"C:/Users/Maksimov/Documents/Unreal Projects/LeadCT_TAC/Content/StarterContent/Textures/T_Detail_Rocky_N.uasset" 105
"C:/Users/Maksimov/Documents/Unreal Projects/LeadCT_TAC/Content/StarterContent/Textures/T_Rock_Basalt_D.uasset" 106
"../../../Engine/Content/Functions/Engine_MaterialFunctions02/Utility/BlendAngleCorrectedNormals.uasset" 107
"C:/Users/Maksimov/Documents/Unreal Projects/LeadCT_TAC/Content/StarterContent/Props/Materials/M_Rock.uasset" 108
"C:/Users/Maksimov/Documents/Unreal Projects/LeadCT_TAC/Content/StarterContent/Props/SM_Rock.uasset" 109
"C:/Users/Maksimov/Documents/Unreal Projects/LeadCT_TAC/Content/StarterContent/Textures/T_Shelf_N.uasset" 110
"C:/Users/Maksimov/Documents/Unreal Projects/LeadCT_TAC/Content/StarterContent/Textures/T_Shelf_M.uasset" 111
"C:/Users/Maksimov/Documents/Unreal Projects/LeadCT_TAC/Content/StarterContent/Props/Materials/M_Shelf.uasset" 112
"C:/Users/Maksimov/Documents/Unreal Projects/LeadCT_TAC/Content/StarterContent/Props/SM_Shelf.uasset" 113
"C:/Users/Maksimov/Documents/Unreal Projects/LeadCT_TAC/Content/StarterContent/Materials/M_Basic_Floor.uasset" 114
"C:/Users/Maksimov/Documents/Unreal Projects/LeadCT_TAC/Content/StarterContent/Props/SM_Stairs.uasset" 115
"C:/Users/Maksimov/Documents/Unreal Projects/LeadCT_TAC/Content/StarterContent/Shapes/Shape_Cone.uasset" 116
"C:/Users/Maksimov/Documents/Unreal Projects/LeadCT_TAC/Content/StarterContent/Shapes/Shape_Cylinder.uasset" 117
"C:/Users/Maksimov/Documents/Unreal Projects/LeadCT_TAC/Content/StarterContent/Shapes/Shape_NarrowCapsule.uasset" 118
"C:/Users/Maksimov/Documents/Unreal Projects/LeadCT_TAC/Content/StarterContent/Shapes/Shape_Pipe.uasset" 119
"C:/Users/Maksimov/Documents/Unreal Projects/LeadCT_TAC/Content/StarterContent/Shapes/Shape_Pipe_180.uasset" 120
"C:/Users/Maksimov/Documents/Unreal Projects/LeadCT_TAC/Content/StarterContent/Shapes/Shape_Pipe_90.uasset" 121
"C:/Users/Maksimov/Documents/Unreal Projects/LeadCT_TAC/Content/StarterContent/Shapes/Shape_Plane.uasset" 122
"C:/Users/Maksimov/Documents/Unreal Projects/LeadCT_TAC/Content/StarterContent/Shapes/Shape_Torus.uasset" 123
"C:/Users/Maksimov/Documents/Unreal Projects/LeadCT_TAC/Content/StarterContent/Shapes/Shape_Trim.uasset" 124
"C:/Users/Maksimov/Documents/Unreal Projects/LeadCT_TAC/Content/StarterContent/Shapes/Shape_Trim_90_In.uasset" 125
"C:/Users/Maksimov/Documents/Unreal Projects/LeadCT_TAC/Content/StarterContent/Shapes/Shape_Trim_90_Out.uasset" 126
"C:/Users/Maksimov/Documents/Unreal Projects/LeadCT_TAC/Content/StarterContent/Shapes/Shape_TriPyramid.uasset" 127
"C:/Users/Maksimov/Documents/Unreal Projects/LeadCT_TAC/Content/StarterContent/Shapes/Shape_Tube.uasset" 128
"C:/Users/Maksimov/Documents/Unreal Projects/LeadCT_TAC/Content/StarterContent/Shapes/Shape_Wedge_A.uasset" 129
"C:/Users/Maksimov/Documents/Unreal Projects/LeadCT_TAC/Content/StarterContent/Shapes/Shape_Wedge_B.uasset" 130
"C:/Users/Maksimov/Documents/Unreal Projects/LeadCT_TAC/Content/StarterContent/Shapes/Shape_WideCapsule.uasset" 131
"../../../Engine/Content/EngineMaterials/T_Default_Material_Grid_N.uasset" 132
"../../../Engine/Content/EngineMaterials/T_Default_Material_Grid_M.uasset" 133
"../../../Engine/Content/Functions/Engine_MaterialFunctions01/Opacity/CameraDepthFade.uasset" 134
"../../../Engine/Content/EngineMaterials/WorldGridMaterial.uasset" 135
"../../../Engine/Content/ArtTools/RenderToTexture/Meshes/S_1_Unit_Plane.uasset" 136
"../../../Engine/Content/EngineMaterials/DefaultMaterial.uasset" 137
"../../../Engine/Content/BasicShapes/Cone.uasset" 138
"../../../Engine/Content/BasicShapes/Cube.uasset" 139
"../../../Engine/Content/EditorLandscapeResources/DataLayer.uasset" 140
"../../../Engine/Content/EditorLandscapeResources/DefaultAlphaTexture.uasset" 141
"../../../Engine/Content/EditorMaterials/MAT_Groups_Toggle.uasset" 142
"../../../Engine/Content/EditorMaterials/MAT_Groups_Visibility.uasset" 143
"../../../Engine/Content/EditorMaterials/PreviewShadowIndicator.uasset" 144
"../../../Engine/Content/EditorMaterials/PreviewShadowIndicatorMaterial.uasset" 145
"../../../Engine/Content/EditorMaterials/MatineeGroups/MAT_ColorTrack.uasset" 146
"../../../Engine/Content/EditorMaterials/MatineeGroups/MAT_Groups_Anim.uasset" 147
"../../../Engine/Content/EditorMaterials/MatineeGroups/MAT_Groups_AudioMaster.uasset" 148
"../../../Engine/Content/EditorMaterials/MatineeGroups/MAT_Groups_Director.uasset" 149
"../../../Engine/Content/EditorMaterials/MatineeGroups/MAT_Groups_Event.uasset" 150
"../../../Engine/Content/EditorMaterials/MatineeGroups/MAT_Groups_Fade.uasset" 151
"../../../Engine/Content/EditorMaterials/MatineeGroups/MAT_Groups_Float.uasset" 152
"../../../Engine/Content/EditorMaterials/MatineeGroups/MAT_Groups_Move.uasset" 153
"../../../Engine/Content/EditorMaterials/MatineeGroups/MAT_Groups_Slomo.uasset" 154
"../../../Engine/Content/EditorMaterials/MatineeGroups/MAT_Groups_Sound.uasset" 155
"../../../Engine/Content/EditorMaterials/MatineeGroups/MAT_Groups_Vector.uasset" 156
"../../../Engine/Content/EditorMaterials/ParticleSystems/PSysThumbnail_NoImage.uasset" 157
"../../../Engine/Content/EditorMaterials/ParticleSystems/PSysThumbnail_OOD.uasset" 158
"../../../Engine/Content/EditorMaterials/Camera/CineMat.uasset" 159
"../../../Engine/Content/EditorMaterials/Camera/MI_CineMat_Rig.uasset" 160
"../../../Engine/Content/EditorMeshes/Camera/SM_CraneRig_Arm.uasset" 161
"../../../Engine/Content/EditorMeshes/Camera/SM_CraneRig_Base.uasset" 162
"../../../Engine/Content/EditorMeshes/Camera/SM_CraneRig_Body.uasset" 163
"../../../Engine/Content/EditorMeshes/Camera/SM_CraneRig_Mount.uasset" 164
"../../../Engine/Content/EditorMeshes/Camera/SM_RailRig_Mount.uasset" 165
"../../../Engine/Content/EditorMeshes/Camera/SM_RailRig_Track.uasset" 166
"../../../Engine/Content/EditorResources/BSPVertex.uasset" 167
"../../../Engine/Content/EditorResources/EmptyActor.uasset" 168
"../../../Engine/Content/EditorResources/S_Actor.uasset" 169
"../../../Engine/Content/EditorResources/S_Note.uasset" 170
"../../../Engine/Content/EditorResources/S_Solver.uasset" 171
"../../../Engine/Content/EditorResources/S_Terrain.uasset" 172
"../../../Engine/Content/EditorResources/S_Trigger.uasset" 173
"../../../Engine/Content/EditorResources/AudioIcons/S_AudioComponent.uasset" 174
"../../../Engine/Content/EditorResources/AudioIcons/S_AudioComponent_AutoActivate.uasset" 175
"../../../Engine/Content/EditorResources/LightIcons/S_LightError.uasset" 176
"../../../Engine/Content/EditorResources/SequenceRecorder/Countdown.uasset" 177
"../../../Engine/Content/EditorResources/SequenceRecorder/RecordingIndicator.uasset" 178
"../../../Engine/Content/EngineDamageTypes/DmgTypeBP_Environmental.uasset" 179
"../../../Engine/Content/EngineDebugMaterials/DebugEditorMaterial.uasset" 180
"../../../Engine/Content/EngineDebugMaterials/DebugMeshMaterial.uasset" 181
"../../../Engine/Content/EngineDebugMaterials/M_SimpleUnlitTranslucent.uasset" 182
"../../../Engine/Content/EngineDebugMaterials/VolumeToRender.uasset" 183
"../../../Engine/Content/Functions/Engine_MaterialFunctions02/Utility/CameraDirectionVector.uasset" 184
"../../../Engine/Content/EngineDebugMaterials/M_VolumeRenderSphereTracePP.uasset" 185
"../../../Engine/Content/Functions/Engine_MaterialFunctions01/Shading/ConvertFromDiffSpec.uasset" 186
"../../../Engine/Content/EngineDebugMaterials/VertexColorMaterial.uasset" 187
"../../../Engine/Content/EngineDebugMaterials/WireframeMaterial.uasset" 188
"../../../Engine/Content/EngineFonts/Faces/RobotoRegular.uasset" 189
"../../../Engine/Content/EngineFonts/Faces/RobotoLight.uasset" 190
"../../../Engine/Content/EngineFonts/Faces/RobotoItalic.uasset" 191
"../../../Engine/Content/EngineFonts/Faces/RobotoBoldItalic.uasset" 192
"../../../Engine/Content/EngineFonts/Faces/RobotoBold.uasset" 193
"../../../Engine/Content/EngineFonts/Faces/DroidSansFallback.uasset" 194
"../../../Engine/Content/EngineFonts/Roboto.uasset" 195
"../../../Engine/Content/EngineMaterials/BaseFlattenNormalMap.uasset" 196
"../../../Engine/Content/EngineMaterials/BaseFlattenGrayscaleMap.uasset" 197
"../../../Engine/Content/EngineMaterials/BaseFlattenEmissiveMap.uasset" 198
"../../../Engine/Content/EngineMaterials/BaseFlattenDiffuseMap.uasset" 199
"../../../Engine/Content/EngineMaterials/BaseFlattenMaterial.uasset" 200
"../../../Engine/Content/EngineMaterials/BlueNoise.uasset" 201
"../../../Engine/Content/EngineMaterials/DefaultBloomKernel.uasset" 202
"../../../Engine/Content/EngineMaterials/DefaultBokeh.uasset" 203
"../../../Engine/Content/EngineMaterials/DefaultDiffuse.uasset" 204
"../../../Engine/Content/EngineMaterials/DefaultDeferredDecalMaterial.uasset" 205
"../../../Engine/Content/EngineMaterials/DefaultLightFunctionMaterial.uasset" 206
"../../../Engine/Content/EngineMaterials/DefaultPhysicalMaterial.uasset" 207
"../../../Engine/Content/Functions/Engine_MaterialFunctions02/Utility/BreakOutFloat2Components.uasset" 208
"../../../Engine/Content/EngineMaterials/DefaultPostProcessMaterial.uasset" 209
"../../../Engine/Content/EngineFonts/RobotoDistanceField.uasset" 210
"../../../Engine/Content/EngineMaterials/DefaultTextMaterialOpaque.uasset" 211
"../../../Engine/Content/EngineMaterials/DefaultWhiteGrid.uasset" 212
"../../../Engine/Content/EngineMaterials/DefaultWhiteGrid_Low.uasset" 213
"../../../Engine/Content/EngineMaterials/EmissiveMeshMaterial.uasset" 214
"../../../Engine/Content/EngineMaterials/GizmoMaterial.uasset" 215
"../../../Engine/Content/EngineMaterials/Good64x64TilingNoiseHighFreq.uasset" 216
"../../../Engine/Content/EngineMaterials/MiniFont.uasset" 217
"../../../Engine/Content/EngineMaterials/InvalidLightmapSettings.uasset" 218
"../../../Engine/Content/EngineMaterials/M_InvalidLightmapSettings.uasset" 219
"../../../Engine/Content/Functions/Engine_MaterialFunctions02/WorldPositionOffset/CameraOffset.uasset" 220
"../../../Engine/Content/EngineMaterials/PhAT_JointLimitMaterial.uasset" 221
"../../../Engine/Content/EngineMaterials/PreintegratedSkinBRDF.uasset" 222
"../../../Engine/Content/EngineMaterials/RemoveSurfaceMaterial.uasset" 223
"../../../Engine/Content/EngineMaterials/WeightMapPlaceholderTexture.uasset" 224
"../../../Engine/Content/EngineResources/WhiteSquareTexture.uasset" 225
"../../../Engine/Content/EngineMaterials/Widget3DPassThrough.uasset" 226
"../../../Engine/Content/EngineMaterials/Widget3DPassThrough_Masked.uasset" 227
"../../../Engine/Content/EngineMaterials/Widget3DPassThrough_Opaque.uasset" 228
"../../../Engine/Content/EngineMaterials/Widget3DPassThrough_Masked_OneSided.uasset" 229
"../../../Engine/Content/EngineMaterials/Widget3DPassThrough_Opaque_OneSided.uasset" 230
"../../../Engine/Content/EngineMaterials/Widget3DPassThrough_Translucent.uasset" 231
"../../../Engine/Content/EngineMaterials/Widget3DPassThrough_Translucent_OneSided.uasset" 232
"../../../Engine/Content/EngineMeshes/Cube.uasset" 233
"../../../Engine/Content/EngineMeshes/Cylinder.uasset" 234
"../../../Engine/Content/EngineMeshes/Sphere.uasset" 235
"../../../Engine/Content/EngineResources/Black.uasset" 236
"../../../Engine/Content/EngineResources/DefaultTextureCube.uasset" 237
"../../../Engine/Content/EngineResources/DefaultVolumeTexture2D.uasset" 238
"../../../Engine/Content/EngineResources/DefaultVolumeTexture.uasset" 239
"../../../Engine/Content/EngineResources/GradientTexture0.uasset" 240
"../../../Engine/Content/EngineSky/VolumetricClouds/T_NoiseShape64.uasset" 241
"../../../Engine/Content/EngineSky/VolumetricClouds/T_VolumeNoiseShape64.uasset" 242
"../../../Engine/Content/EngineSky/VolumetricClouds/T_NoiseErosion.uasset" 243
"../../../Engine/Content/EngineSky/VolumetricClouds/T_VolumeNoiseErosion32.uasset" 244
"../../../Engine/Content/EngineSky/VolumetricClouds/CloudWeatherTexture.uasset" 245
"../../../Engine/Content/EngineSky/VolumetricClouds/CloudGradientTexture.uasset" 246
"../../../Engine/Content/Functions/Engine_MaterialFunctions02/Utility/MakeFloat2.uasset" 247
"../../../Engine/Content/EngineSky/VolumetricClouds/m_SimpleVolumetricCloud.uasset" 248
"../../../Engine/Content/EngineSky/VolumetricClouds/m_SimpleVolumetricCloud_Inst.uasset" 249
"../../../Engine/Content/EngineSounds/Master.uasset" 250
"../../../Engine/Content/Functions/Engine_MaterialFunctions01/Shading/PowerToRoughness.uasset" 251
"../../../Engine/Content/Maps/Templates/Thumbnails/Default.uasset" 252
"../../../Engine/Content/Maps/Templates/Thumbnails/TimeOfDay.uasset" 253
"../../../Engine/Content/Maps/Templates/Thumbnails/VR-Basic.uasset" 254
"../../../Engine/Content/MobileResources/T_MobileControls_texture.uasset" 255
"../../../Engine/Content/MobileResources/T_MobileMenu2.uasset" 256
"../../../Engine/Content/MobileResources/HUD/AnalogHat.uasset" 257
"../../../Engine/Content/MobileResources/HUD/VirtualJoystick_Thumb.uasset" 258
"../../../Engine/Content/MobileResources/HUD/VirtualJoystick_Background.uasset" 259
"../../../Engine/Content/MobileResources/HUD/DefaultVirtualJoysticks.uasset" 260
"../../../Engine/Content/MobileResources/HUD/LeftVirtualJoystickOnly.uasset" 261
"../../../Engine/Content/MobileResources/HUD/MobileHUDButton1_off.uasset" 262
"../../../Engine/Content/MobileResources/HUD/MobileHUDButton1_on.uasset" 263
"../../../Engine/Content/MobileResources/HUD/MobileHUDButton2_off.uasset" 264
"../../../Engine/Content/MobileResources/HUD/MobileHUDButton2_on.uasset" 265
"../../../Engine/Content/MobileResources/HUD/MobileHUDButton3.uasset" 266
"../../../Engine/Content/MobileResources/HUD/MobileHUDButtonFire.uasset" 267
"../../../Engine/Content/MobileResources/HUD/MobileHUDDirectionPad.uasset" 268
"../../../Engine/Content/MobileResources/HUD/MobileHUDDirectionPad2.uasset" 269
"../../../Engine/Content/MobileResources/HUD/MobileHUDDirectionPad3.uasset" 270
"../../../Engine/Content/MobileResources/HUD/MobileHUDDirectionStick.uasset" 271
"../../../Engine/Content/MobileResources/HUD/T_Castle_ThumbstickInner.uasset" 272
"../../../Engine/Content/MobileResources/HUD/T_Castle_ThumbstickOutter.uasset" 273
"../../../Engine/Content/Tutorial/ContentIntroCurve.uasset" 274
"../../../Engine/Content/Tutorial/Basics/LevelEditorAttract.uasset" 275
"../../../Engine/Content/Tutorial/Basics/TutorialAssets/icon_tab_Levels_40x.uasset" 276
"../../../Engine/Content/Tutorial/Basics/LevelEditorOverview.uasset" 277
"../../../Engine/Content/Tutorial/BlueprintTutorials/TutorialAssets/Blueprint_64x.uasset" 278
"../../../Engine/Content/Tutorial/BlueprintTutorials/BlueprintEditorTutorial.uasset" 279
"../../../Engine/Content/Tutorial/BlueprintTutorials/TutorialAssets/BlueprintInterface_64x.uasset" 280
"../../../Engine/Content/Tutorial/BlueprintTutorials/BlueprintInterfacesEditorOverview.uasset" 281
"../../../Engine/Content/Tutorial/BlueprintTutorials/LevelBlueprintEditorOverview.uasset" 282
"../../../Engine/Content/Tutorial/BlueprintTutorials/TutorialAssets/Tutorial_BP_Interface.uasset" 283
"../../../Engine/Content/Tutorial/Installation/InstallingVisualStudioTutorial.uasset" 284
"../../../Engine/Content/Tutorial/SubEditors/MaterialEditorTutorial.uasset" 285
"../../../Engine/Content/Tutorial/SubEditors/ParticleSystemEditorTutorial.uasset" 286
"../../../Engine/Content/Tutorial/SubEditors/StaticMeshEditorTutorial.uasset" 287
"../../../Engine/Content/Tutorial/SubEditors/TutorialAssets/TutorialMaterial.uasset" 288
"../../../Engine/Content/Tutorial/SubEditors/TutorialAssets/T_soft_smoke.uasset" 289
"../../../Engine/Content/Tutorial/SubEditors/TutorialAssets/T_SmokeSubUV_8X8.uasset" 290
"../../../Engine/Content/Tutorial/SubEditors/TutorialAssets/M_smoke_subUV_blackbody.uasset" 291
"../../../Engine/Content/Tutorial/SubEditors/TutorialAssets/TutorialParticleSystem.uasset" 292
"../../../Engine/Content/VREditor/TransformGizmo/TranslucentTransformGizmoMaterial.uasset" 293
"../../../Engine/Content/VREditor/LaserPointer/VR_LaserPower_01.uasset" 294
"../../../Engine/Content/VREditor/TransformGizmo/TransformGizmoMaterial.uasset" 295
"../../../Engine/Content/VREditor/TransformGizmo/BoundingBoxCorner.uasset" 296
"../../../Engine/Content/VREditor/TransformGizmo/BoundingBoxEdge.uasset" 297
"../../../Engine/Content/VREditor/TransformGizmo/PlaneTranslationHandle.uasset" 298
"../../../Engine/Content/VREditor/TransformGizmo/Xray.uasset" 299
"../../../Engine/Content/VREditor/TransformGizmo/Main.uasset" 300
"../../../Engine/Content/VREditor/TransformGizmo/SM_Sequencer_Key.uasset" 301
"../../../Engine/Content/VREditor/TransformGizmo/SM_Sequencer_Node.uasset" 302
"../../Plugins/2D/Paper2D/Content/DummySprite.uasset" 303
"../../Plugins/2D/Paper2D/Content/DefaultPaperTerrainMaterial.uasset" 304
"../../Plugins/2D/Paper2D/Content/MaskedUnlitSpriteMaterial.uasset" 305
"../../Plugins/2D/Paper2D/Content/OpaqueUnlitSpriteMaterial.uasset" 306
"../../../Engine/Content/Functions/Engine_MaterialFunctions02/Utility/BreakOutFloat3Components.uasset" 307
"../../Plugins/Editor/SpeedTreeImporter/Content/SpeedTree9/UnpackInteger3.uasset" 308
"../../Plugins/Editor/SpeedTreeImporter/Content/SpeedTree9/UnpackDirection.uasset" 309
"../../Plugins/Editor/SpeedTreeImporter/Content/SpeedTree9/game_wind_noise.uasset" 310
"../../../Engine/Content/Functions/Engine_MaterialFunctions02/SafeNormalize.uasset" 311
"../../Plugins/Editor/SpeedTreeImporter/Content/SpeedTree9/SpeedTreeWindMotion.uasset" 312
"../../Plugins/Editor/SpeedTreeImporter/Content/SpeedTree9/SpeedTreeBranchMotion.uasset" 313
"../../../Engine/Content/Functions/Engine_MaterialFunctions02/ObjectLocalBounds.uasset" 314
"../../../Engine/Content/Functions/Engine_MaterialFunctions02/UVs/BoundingBoxBased_0-1_UVW.uasset" 315
"../../Plugins/Editor/SpeedTreeImporter/Content/SpeedTree9/SpeedTreeWind.uasset" 316
"../../Plugins/Editor/SpeedTreeImporter/Content/SpeedTree9/SpeedTreeBillboard.uasset" 317
"../../../Engine/Content/EngineResources/DefaultTexture.uasset" 318
"../../Plugins/Editor/SpeedTreeImporter/Content/SpeedTree9/SpeedTreeBillboardMaster.uasset" 319
"../../Plugins/Editor/SpeedTreeImporter/Content/SpeedTree9/SpeedTreeCameraFacing.uasset" 320
"../../Plugins/Editor/SpeedTreeImporter/Content/SpeedTree9/SpeedTreeMaster.uasset" 321
"../../../Engine/Content/ArtTools/RenderToTexture/Materials/Debug/M_Emissive_Color.uasset" 322
"../../../Engine/Content/BasicShapes/Cylinder.uasset" 323
"../../Plugins/Lumin/MagicLeapPassableWorld/Content/MagicLeapARPinInfoActor.uasset" 324
"../../../Engine/Content/Functions/Engine_MaterialFunctions02/Utility/BreakOutFloat4Components.uasset" 325
"../../../Engine/Content/Functions/Engine_MaterialFunctions02/Utility/MakeFloat3.uasset" 326
"../../Plugins/Runtime/Oculus/OculusVR/Content/Materials/OculusMR_ChromaKey.uasset" 327
"../../Plugins/Runtime/Oculus/OculusVR/Content/Materials/OculusMR_OpaqueColoredMaterial.uasset" 328
"../../Plugins/Runtime/Oculus/OculusVR/Content/Materials/PokeAHoleMaterial.uasset" 329
"C:/Users/Maksimov/Documents/Unreal Projects/LeadCT_TAC/Content/Blueprints/Game_Interface.uasset" 330
"../../../Engine/Content/EditorBlueprintResources/StandardMacros.uasset" 331
"C:/Users/Maksimov/Documents/Unreal Projects/LeadCT_TAC/Content/Blueprints/Widgets/CountDown.uasset" 332
"C:/Users/Maksimov/Documents/Unreal Projects/LeadCT_TAC/Content/Assets/Textures/Sprites/Zabr/skull_on_a_stick.uasset" 333
"C:/Users/Maksimov/Documents/Unreal Projects/LeadCT_TAC/Content/Assets/Textures/Sprites/Zabr/skull_on_a_stick_Sprite.uasset" 334
"C:/Users/Maksimov/Documents/Unreal Projects/LeadCT_TAC/Content/Assets/Meshes/F/Material_002.uasset" 335
"C:/Users/Maksimov/Documents/Unreal Projects/LeadCT_TAC/Content/Assets/Meshes/F/StaticMesh.uasset" 336
"C:/Users/Maksimov/Documents/Unreal Projects/LeadCT_TAC/Content/Assets/Meshes/Arbat/Lamp/StaticMesh.uasset" 337
"../../../Engine/Content/MapTemplates/SM_Template_Map_Floor.uasset" 338
"../../../Engine/Content/EngineSky/T_Sky_Stars.uasset" 339
"../../../Engine/Content/EngineSky/T_Sky_Clouds_M.uasset" 340
"../../../Engine/Content/EngineSky/T_Sky_Blue.uasset" 341
"C:/Users/Maksimov/Documents/Unreal Projects/LeadCT_TAC/Content/StarterContent/Textures/T_Brick_Hewn_Stone_N.uasset" 342
"C:/Users/Maksimov/Documents/Unreal Projects/LeadCT_TAC/Content/StarterContent/Textures/T_Brick_Hewn_Stone_M.uasset" 343
"C:/Users/Maksimov/Documents/Unreal Projects/LeadCT_TAC/Content/StarterContent/Textures/T_Brick_Hewn_Stone_D.uasset" 344
"C:/Users/Maksimov/Documents/Unreal Projects/LeadCT_TAC/Content/StarterContent/Textures/T_MacroVariation.uasset" 345
"C:/Users/Maksimov/Documents/Unreal Projects/LeadCT_TAC/Content/StarterContent/Materials/M_Brick_Hewn_Stone.uasset" 346
"../../../Engine/Content/EngineSky/M_Sky_Panning_Clouds2.uasset" 347
"C:/Users/Maksimov/Documents/Unreal Projects/LeadCT_TAC/Content/Maps/Level_01_BuiltData.uasset" 348
"../../../Engine/Content/EngineSky/SM_SkySphere.uasset" 349
"../../../Engine/Content/EngineSky/C_Sky_Zenith_Color.uasset" 350
"../../../Engine/Content/EngineSky/C_Sky_Horizon_Color.uasset" 351
"../../../Engine/Content/EngineSky/C_Sky_Cloud_Color.uasset" 352
"../../../Engine/Content/EngineSky/BP_Sky_Sphere.uasset" 353
"C:/Users/Maksimov/Documents/Unreal Projects/LeadCT_TAC/Content/Assets/FX/Mesh/TestShar.uasset" 354
"C:/Users/Maksimov/Documents/Unreal Projects/LeadCT_TAC/Content/Assets/FX/Texture/render_shader-nodes_textures_voronoi_smoothness-distance-zero.uasset" 355
"../../../Engine/Content/Functions/Engine_MaterialFunctions01/Gradient/LinearGradient.uasset" 356
"C:/Users/Maksimov/Documents/Unreal Projects/LeadCT_TAC/Content/Assets/FX/Material/MM_Aura.uasset" 357
"C:/Users/Maksimov/Documents/Unreal Projects/LeadCT_TAC/Content/Assets/FX/Material/MM_Aura_Inst.uasset" 358
"../../../Engine/Content/Functions/Engine_MaterialFunctions01/Density/ExponentialDensity.uasset" 359
"../../../Engine/Content/Functions/Engine_MaterialFunctions01/Gradient/RadialGradientExponential.uasset" 360
"C:/Users/Maksimov/Documents/Unreal Projects/LeadCT_TAC/Content/Assets/FX/Material/MM_dot.uasset" 361
"C:/Users/Maksimov/Documents/Unreal Projects/LeadCT_TAC/Content/Assets/FX/PS_Firework.uasset" 362
"C:/Users/Maksimov/Documents/Unreal Projects/LeadCT_TAC/Content/Assets/Meshes/Barrel.uasset" 363
"C:/Users/Maksimov/Documents/Unreal Projects/LeadCT_TAC/Content/Assets/Textures/Barrel_DefaultMaterial_BaseColor.uasset" 364
"C:/Users/Maksimov/Documents/Unreal Projects/LeadCT_TAC/Content/Assets/Materials/Barrel_DefaultMaterial_BaseColor_Mat.uasset" 365
"../../../Engine/Content/Functions/Engine_MaterialFunctions01/Gradient/SphereGradient-2D.uasset" 366
"C:/Users/Maksimov/Documents/Unreal Projects/LeadCT_TAC/Content/Assets/Materials/Masters/Master_Dot.uasset" 367
"C:/Users/Maksimov/Documents/Unreal Projects/LeadCT_TAC/Content/Assets/FX/BloodSplash.uasset" 368
"C:/Users/Maksimov/Documents/Unreal Projects/LeadCT_TAC/Content/Assets/Materials/Blood/Master_BloodDecal.uasset" 369
"C:/Users/Maksimov/Documents/Unreal Projects/LeadCT_TAC/Content/Assets/Materials/Blood/MI_D_Blood_01.uasset" 370
"../../Plugins/FX/Niagara/Content/Enums/ENiagaraRandomnessMode.uasset" 371
"../../Plugins/FX/Niagara/Content/Enums/ENiagaraInactiveMode.uasset" 372
"../../Plugins/FX/Niagara/Content/Enums/ENiagaraEmitterScalabilityMode_Limited.uasset" 373
"../../Plugins/FX/Niagara/Content/Enums/ENiagaraCoordinateSpace.uasset" 374
"../../Plugins/FX/Niagara/Content/Enums/ENiagaraChannelCorrelation.uasset" 375
"../../Plugins/FX/Niagara/Content/Enums/ENiagara_UVFlippingMode.uasset" 376
"../../Plugins/FX/Niagara/Content/Enums/ENiagara_SpriteRotationMode.uasset" 377
"../../Plugins/FX/Niagara/Content/Enums/ENiagara_SizeScaleMode.uasset" 378
"../../Plugins/FX/Niagara/Content/Enums/ENiagara_PositionInitializationMode.uasset" 379
"../../Plugins/FX/Niagara/Content/Enums/ENiagara_MassInitializationMode.uasset" 380
"../../Plugins/FX/Niagara/Content/Enums/ENiagara_LifetimeMode.uasset" 381
"../../Plugins/FX/Niagara/Content/Enums/ENiagara_InfiniteLoopDuration.uasset" 382
"../../Plugins/FX/Niagara/Content/Enums/ENiagara_EmitterStateOptions.uasset" 383
"../../Plugins/FX/Niagara/Content/Enums/ENiagara_ColorInitializationMode.uasset" 384
"../../Plugins/FX/Niagara/Content/Modules/Update/Lifetime/ParticleState.uasset" 385
"../../Plugins/FX/Niagara/Content/Enums/ENiagaraRandomnessEvaluation.uasset" 386
"../../Plugins/FX/Niagara/Content/Functions/V2/CalculateRandomRange.uasset" 387
"../../Plugins/FX/Niagara/Content/Functions/V2/CalculateRandomRangeInteger.uasset" 388
"../../Plugins/FX/Niagara/Content/Functions/V2/CalculateRandomBool.uasset" 389
"../../Plugins/FX/Niagara/Content/Functions/V2/CalculateRandomRangeFloat.uasset" 390
"../../Plugins/FX/Niagara/Content/Functions/Localspace/SimulationPosition.uasset" 391
"../../Plugins/FX/Niagara/Content/Functions/Localspace/TransformBase.uasset" 392
"../../Plugins/FX/Niagara/Content/Functions/Localspace/TransformVector.uasset" 393
"../../Plugins/FX/Niagara/Content/Functions/LinearColor/HueShiftLinearColor.uasset" 394
"../../Plugins/FX/Niagara/Content/Modules/Spawn/Initialization/V2/InitializeParticle.uasset" 395
"../../Plugins/FX/Niagara/Content/Functions/DirectionAndLengthSafe.uasset" 396
"../../Plugins/FX/Niagara/Content/Modules/Solvers/SolveForcesAndVelocity.uasset" 397
"../../Plugins/FX/Niagara/Content/Enums/ENiagaraEmitterLifeCycleMode.uasset" 398
"../../Plugins/FX/Niagara/Content/Enums/ENiagaraExecutionStateManagement.uasset" 399
"../../Plugins/FX/Niagara/Content/Functions/Emitter/EmitterChangeState.uasset" 400
"../../Plugins/FX/Niagara/Content/Modules/Emitter/EmitterState.uasset" 401
"../../Plugins/FX/Niagara/Content/DynamicInputs/ValueFromCurve/FloatFromCurve.uasset" 402
"../../Plugins/FX/Niagara/Content/Enums/ENiagaraScaleColorMode.uasset" 403
"../../Plugins/FX/Niagara/Content/Modules/Update/Size/ScaleSpriteSize.uasset" 404
"../../Plugins/FX/Niagara/Content/Modules/Update/Orientation/SpriteRotationRate.uasset" 405
"../../Plugins/FX/Niagara/Content/Modules/Update/Forces/GravityForce.uasset" 406
"../../Plugins/FX/Niagara/Content/Modules/Update/Forces/Drag.uasset" 407
"../../Plugins/FX/Niagara/Content/Modules/Update/Color/ScaleColor.uasset" 408
"../../Plugins/FX/Niagara/Content/Functions/GetRandomInfo.uasset" 409
"../../Plugins/FX/Niagara/Content/Functions/RandomRangeFloat.uasset" 410
"../../Plugins/FX/Niagara/Content/Functions/RandomUnitVector.uasset" 411
"../../Plugins/FX/Niagara/Content/Functions/RandomVector.uasset" 412
"../../Plugins/FX/Niagara/Content/Functions/NormalizeDistanceRange.uasset" 413
"../../Plugins/FX/Niagara/Content/Functions/DistanceBasedFalloff.uasset" 414
"../../Plugins/FX/Niagara/Content/Modules/Spawn/Velocity/AddVelocityFromPoint.uasset" 415
"../../Plugins/FX/Niagara/Content/Modules/Emitter/SpawnBurst_Instantaneous.uasset" 416
"../../Plugins/FX/Niagara/Content/DynamicInputs/UniformRange/V2/RandomRangeFloat.uasset" 417
"../../Plugins/FX/Niagara/Content/DynamicInputs/TypeConversions/Vector2DFromFloat.uasset" 418
"../../Plugins/FX/Niagara/Content/DefaultAssets/DefaultSpriteMaterial.uasset" 419
"C:/Users/Maksimov/Documents/Unreal Projects/LeadCT_TAC/Content/Assets/Textures/T_Burst022.uasset" 420
"C:/Users/Maksimov/Documents/Unreal Projects/LeadCT_TAC/Content/Assets/Materials/M_impact3.uasset" 421
"C:/Users/Maksimov/Documents/Unreal Projects/LeadCT_TAC/Content/Assets/Textures/T_Ring005.uasset" 422
"C:/Users/Maksimov/Documents/Unreal Projects/LeadCT_TAC/Content/Assets/Materials/M_impact2.uasset" 423
"C:/Users/Maksimov/Documents/Unreal Projects/LeadCT_TAC/Content/Assets/Textures/T_StarFlare005.uasset" 424
"C:/Users/Maksimov/Documents/Unreal Projects/LeadCT_TAC/Content/Assets/Materials/M_impact1.uasset" 425
"C:/Users/Maksimov/Documents/Unreal Projects/LeadCT_TAC/Content/Assets/Textures/T_Burst002.uasset" 426
"C:/Users/Maksimov/Documents/Unreal Projects/LeadCT_TAC/Content/Assets/Materials/M_impact.uasset" 427
"../../Plugins/FX/Niagara/Content/Functions/System/SystemChangeState.uasset" 428
"../../Plugins/FX/Niagara/Content/Enums/ENiagaraSystemInactiveMode.uasset" 429
"../../Plugins/FX/Niagara/Content/Modules/System/SystemState.uasset" 430
"C:/Users/Maksimov/Documents/Unreal Projects/LeadCT_TAC/Content/Assets/FX/Niagara_FX/FX_hit_impact.uasset" 431
"C:/Users/Maksimov/Documents/Unreal Projects/LeadCT_TAC/Content/Blueprints/DamageComponent.uasset" 432
"C:/Users/Maksimov/Documents/Unreal Projects/LeadCT_TAC/Content/Blueprints/Actors/Explosion.uasset" 433
"C:/Users/Maksimov/Documents/Unreal Projects/LeadCT_TAC/Content/Blueprints/Widgets/End_Widget.uasset" 434
"C:/Users/Maksimov/Documents/Unreal Projects/LeadCT_TAC/Content/Blueprints/Pawns/Nikita/Enums/Enum_Animation.uasset" 435
"C:/Users/Maksimov/Documents/Unreal Projects/LeadCT_TAC/Content/Blueprints/Pawns/Nikita/Enums/E_Animations.uasset" 436
"../../../Engine/Content/BasicShapes/Plane.uasset" 437
"C:/Users/Maksimov/Documents/Unreal Projects/LeadCT_TAC/Content/Assets/Textures/crosshair-3-512.uasset" 438
"C:/Users/Maksimov/Documents/Unreal Projects/LeadCT_TAC/Content/Assets/Materials/MouseTmp_Mat.uasset" 439
"C:/Users/Maksimov/Documents/Unreal Projects/LeadCT_TAC/Content/Assets/Materials/MouseTmp_Mat_Inst.uasset" 440
"C:/Users/Maksimov/Documents/Unreal Projects/LeadCT_TAC/Content/Blueprints/Pawns/Nikita/MouseController.uasset" 441
"C:/Users/Maksimov/Documents/Unreal Projects/LeadCT_TAC/Content/Blueprints/Pawns/Nikita/Enums/Enum_MovementDirection.uasset" 442
"C:/Users/Maksimov/Documents/Unreal Projects/LeadCT_TAC/Content/Assets/SFX/hit3__2_.uasset" 443
"C:/Users/Maksimov/Documents/Unreal Projects/LeadCT_TAC/Content/Assets/SFX/hit2__2_.uasset" 444
"C:/Users/Maksimov/Documents/Unreal Projects/LeadCT_TAC/Content/Assets/SFX/hit1__2_.uasset" 445
"C:/Users/Maksimov/Documents/Unreal Projects/LeadCT_TAC/Content/Assets/SFX/hit1__2__Cue.uasset" 446
"../../Plugins/FX/Niagara/Content/Functions/Rotation/MultiplyVectorWithQuaternion.uasset" 447
"../../Plugins/FX/Niagara/Content/Functions/Rotation/FindQuatBetween.uasset" 448
"../../Plugins/FX/Niagara/Content/Functions/RandomRange.uasset" 449
"../../Plugins/FX/Niagara/Content/Functions/PolarToCartesianCoordinates.uasset" 450
"../../Plugins/FX/Niagara/Content/Functions/ParametricTorusKnot.uasset" 451
"../../Plugins/FX/Niagara/Content/Functions/ParametricTorus.uasset" 452
"../../Plugins/FX/Niagara/Content/Functions/Rotation/MultiplyQuaternion.uasset" 453
"../../Plugins/FX/Niagara/Content/Functions/Rotation/AxisAngleToQuaternion.uasset" 454
"../../Plugins/FX/Niagara/Content/Enums/ENiagaraTorusMode.uasset" 455
"../../Plugins/FX/Niagara/Content/Enums/ENiagaraTorusDistributionMode.uasset" 456
"../../Plugins/FX/Niagara/Content/Modules/Spawn/Location/TorusLocation.uasset" 457
"../../Plugins/FX/Niagara/Content/Modules/Spawn/Initialization/InitializeRibbon.uasset" 458
"../../Plugins/FX/Niagara/Content/Modules/Ribbons/ScaleRibbonWidth.uasset" 459
"../../Plugins/FX/Niagara/Content/Modules/Emitter/SpawnRate.uasset" 460
"../../Plugins/FX/Niagara/Content/DefaultAssets/DefaultRIbbonMaterial.uasset" 461
"C:/Users/Maksimov/Documents/Unreal Projects/LeadCT_TAC/Content/Assets/FX/P_DynamicTrail.uasset" 462
"C:/Users/Maksimov/Documents/Unreal Projects/LeadCT_TAC/Content/Assets/FX/P_DynamicTrail_System.uasset" 463
"C:/Users/Maksimov/Documents/Unreal Projects/LeadCT_TAC/Content/Blueprints/Actors/Projectile.uasset" 464
"C:/Users/Maksimov/Documents/Unreal Projects/LeadCT_TAC/Content/Blueprints/Actors/HitShake.uasset" 465
"C:/Users/Maksimov/Documents/Unreal Projects/LeadCT_TAC/Content/Blueprints/Actors/FireShake.uasset" 466
"C:/Users/Maksimov/Documents/Unreal Projects/LeadCT_TAC/Content/Assets/SFX/Concrete/concrete_6.uasset" 467
"C:/Users/Maksimov/Documents/Unreal Projects/LeadCT_TAC/Content/Assets/SFX/Concrete/concrete_5.uasset" 468
"C:/Users/Maksimov/Documents/Unreal Projects/LeadCT_TAC/Content/Assets/SFX/Concrete/concrete_4.uasset" 469
"C:/Users/Maksimov/Documents/Unreal Projects/LeadCT_TAC/Content/Assets/SFX/Concrete/concrete_3.uasset" 470
"C:/Users/Maksimov/Documents/Unreal Projects/LeadCT_TAC/Content/Assets/SFX/Concrete/concrete_2.uasset" 471
"C:/Users/Maksimov/Documents/Unreal Projects/LeadCT_TAC/Content/Assets/SFX/Concrete/concrete_1.uasset" 472
"C:/Users/Maksimov/Documents/Unreal Projects/LeadCT_TAC/Content/Assets/SFX/Concrete/concrete_1_Cue.uasset" 473
"C:/Users/Maksimov/Documents/Unreal Projects/LeadCT_TAC/Content/Assets/SFX/Pistolet.uasset" 474
"C:/Users/Maksimov/Documents/Unreal Projects/LeadCT_TAC/Content/Assets/SFX/Pistolet_Cue.uasset" 475
"C:/Users/Maksimov/Documents/Unreal Projects/LeadCT_TAC/Content/Assets/SFX/Dash.uasset" 476
"C:/Users/Maksimov/Documents/Unreal Projects/LeadCT_TAC/Content/Assets/SFX/Dash_Cue.uasset" 477
"C:/Users/Maksimov/Documents/Unreal Projects/LeadCT_TAC/Content/Assets/Textures/Plane_001_Base_Color.uasset" 478
"C:/Users/Maksimov/Documents/Unreal Projects/LeadCT_TAC/Content/Assets/Materials/Masters/MM_ShootFX.uasset" 479
"C:/Users/Maksimov/Documents/Unreal Projects/LeadCT_TAC/Content/Assets/Materials/MM_ShootFX.uasset" 480
"C:/Users/Maksimov/Documents/Unreal Projects/LeadCT_TAC/Content/Assets/Materials/MI_ShootHor.uasset" 481
"C:/Users/Maksimov/Documents/Unreal Projects/LeadCT_TAC/Content/Assets/Textures/Plane_Base_Color.uasset" 482
"C:/Users/Maksimov/Documents/Unreal Projects/LeadCT_TAC/Content/Assets/Materials/MI_ShootVert.uasset" 483
"C:/Users/Maksimov/Documents/Unreal Projects/LeadCT_TAC/Content/Assets/Meshes/ShootFX.uasset" 484
"C:/Users/Maksimov/Documents/Unreal Projects/LeadCT_TAC/Content/Assets/Materials/Masters/MM_ParticleRadial.uasset" 485
"C:/Users/Maksimov/Documents/Unreal Projects/LeadCT_TAC/Content/Assets/Materials/MM_ParticleRadial.uasset" 486
"C:/Users/Maksimov/Documents/Unreal Projects/LeadCT_TAC/Content/Assets/FX/PS_Shoot.uasset" 487
"C:/Users/Maksimov/Documents/Unreal Projects/LeadCT_TAC/Content/Assets/Characters/NIkita/Up/Up_02.uasset" 488
"C:/Users/Maksimov/Documents/Unreal Projects/LeadCT_TAC/Content/Assets/Characters/NIkita/Up/Up_02_Sprite.uasset" 489
"C:/Users/Maksimov/Documents/Unreal Projects/LeadCT_TAC/Content/Assets/Characters/NIkita/Up/Up_01.uasset" 490
"C:/Users/Maksimov/Documents/Unreal Projects/LeadCT_TAC/Content/Assets/Characters/NIkita/Up/Up_01_Sprite.uasset" 491
"C:/Users/Maksimov/Documents/Unreal Projects/LeadCT_TAC/Content/Assets/Characters/NIkita/Up/Up.uasset" 492
"C:/Users/Maksimov/Documents/Unreal Projects/LeadCT_TAC/Content/Assets/Characters/NIkita/Up/Idle_Up.uasset" 493
"C:/Users/Maksimov/Documents/Unreal Projects/LeadCT_TAC/Content/Assets/Characters/NIkita/Roll/Roll_05.uasset" 494
"C:/Users/Maksimov/Documents/Unreal Projects/LeadCT_TAC/Content/Assets/Characters/NIkita/Roll/Roll_05_Sprite.uasset" 495
"C:/Users/Maksimov/Documents/Unreal Projects/LeadCT_TAC/Content/Assets/Characters/NIkita/Roll/Roll_04.uasset" 496
"C:/Users/Maksimov/Documents/Unreal Projects/LeadCT_TAC/Content/Assets/Characters/NIkita/Roll/Roll_04_Sprite.uasset" 497
"C:/Users/Maksimov/Documents/Unreal Projects/LeadCT_TAC/Content/Assets/Characters/NIkita/Roll/Roll_03.uasset" 498
"C:/Users/Maksimov/Documents/Unreal Projects/LeadCT_TAC/Content/Assets/Characters/NIkita/Roll/Roll_03_Sprite.uasset" 499
"C:/Users/Maksimov/Documents/Unreal Projects/LeadCT_TAC/Content/Assets/Characters/NIkita/Roll/Roll_02.uasset" 500
"C:/Users/Maksimov/Documents/Unreal Projects/LeadCT_TAC/Content/Assets/Characters/NIkita/Roll/Roll_02_Sprite.uasset" 501
"C:/Users/Maksimov/Documents/Unreal Projects/LeadCT_TAC/Content/Assets/Characters/NIkita/Roll/Roll_01.uasset" 502
"C:/Users/Maksimov/Documents/Unreal Projects/LeadCT_TAC/Content/Assets/Characters/NIkita/Roll/Roll_01_Sprite.uasset" 503
"C:/Users/Maksimov/Documents/Unreal Projects/LeadCT_TAC/Content/Assets/Characters/NIkita/Roll/Roll.uasset" 504
"C:/Users/Maksimov/Documents/Unreal Projects/LeadCT_TAC/Content/Assets/Characters/NIkita/Left/Left_02.uasset" 505
"C:/Users/Maksimov/Documents/Unreal Projects/LeadCT_TAC/Content/Assets/Characters/NIkita/Left/Left_02_Sprite.uasset" 506
"C:/Users/Maksimov/Documents/Unreal Projects/LeadCT_TAC/Content/Assets/Characters/NIkita/Left/Left_01.uasset" 507
"C:/Users/Maksimov/Documents/Unreal Projects/LeadCT_TAC/Content/Assets/Characters/NIkita/Left/Left_01_Sprite.uasset" 508
"C:/Users/Maksimov/Documents/Unreal Projects/LeadCT_TAC/Content/Assets/Characters/NIkita/Left/Left.uasset" 509
"C:/Users/Maksimov/Documents/Unreal Projects/LeadCT_TAC/Content/Assets/Characters/NIkita/Left/Idle_Left.uasset" 510
"C:/Users/Maksimov/Documents/Unreal Projects/LeadCT_TAC/Content/Assets/Characters/NIkita/Down/Down_01.uasset" 511
"C:/Users/Maksimov/Documents/Unreal Projects/LeadCT_TAC/Content/Assets/Characters/NIkita/Down/Down_01_Sprite.uasset" 512
"C:/Users/Maksimov/Documents/Unreal Projects/LeadCT_TAC/Content/Assets/Characters/NIkita/Down/Idle_Down.uasset" 513
"C:/Users/Maksimov/Documents/Unreal Projects/LeadCT_TAC/Content/Assets/Characters/NIkita/Down/Down_02.uasset" 514
"C:/Users/Maksimov/Documents/Unreal Projects/LeadCT_TAC/Content/Assets/Characters/NIkita/Down/Down_02_Sprite.uasset" 515
"C:/Users/Maksimov/Documents/Unreal Projects/LeadCT_TAC/Content/Assets/Characters/NIkita/Down/Down.uasset" 516
"C:/Users/Maksimov/Documents/Unreal Projects/LeadCT_TAC/Content/Blueprints/Pawns/Nikita/Nikita.uasset" 517
"C:/Users/Maksimov/Documents/Unreal Projects/LeadCT_TAC/Content/Blueprints/Widgets/Hero_Widget.uasset" 518
"C:/Users/Maksimov/Documents/Unreal Projects/LeadCT_TAC/Content/Blueprints/PC_Main.uasset" 519
"C:/Users/Maksimov/Documents/Unreal Projects/LeadCT_TAC/Content/Blueprints/GM_Main.uasset" 520
"C:/Users/Maksimov/Documents/Unreal Projects/LeadCT_TAC/Content/Blueprints/Widgets/Level_Clear.uasset" 521
"../../../Engine/Content/BasicShapes/Sphere.uasset" 522
"C:/Users/Maksimov/Documents/Unreal Projects/LeadCT_TAC/Content/Assets/Materials/MI_Health.uasset" 523
"C:/Users/Maksimov/Documents/Unreal Projects/LeadCT_TAC/Content/Assets/Meshes/Health.uasset" 524
"C:/Users/Maksimov/Documents/Unreal Projects/LeadCT_TAC/Content/Assets/Materials/Master_Sphere.uasset" 525
"C:/Users/Maksimov/Documents/Unreal Projects/LeadCT_TAC/Content/Assets/Materials/Master_Sphere_Inst.uasset" 526
"C:/Users/Maksimov/Documents/Unreal Projects/LeadCT_TAC/Content/Blueprints/Actors/Master_PickUp.uasset" 527
"C:/Users/Maksimov/Documents/Unreal Projects/LeadCT_TAC/Content/Blueprints/Actors/EnemyProjectile.uasset" 528
"C:/Users/Maksimov/Documents/Unreal Projects/LeadCT_TAC/Content/Assets/Characters/Pigeon/Base/BaseUp_01.uasset" 529
"C:/Users/Maksimov/Documents/Unreal Projects/LeadCT_TAC/Content/Assets/Characters/Pigeon/Base/BaseUp_01_Sprite.uasset" 530
"C:/Users/Maksimov/Documents/Unreal Projects/LeadCT_TAC/Content/Assets/Characters/Pigeon/Base/Base_Idle_Up.uasset" 531
"C:/Users/Maksimov/Documents/Unreal Projects/LeadCT_TAC/Content/Assets/Characters/Pigeon/Base/BaseRight_01.uasset" 532
"C:/Users/Maksimov/Documents/Unreal Projects/LeadCT_TAC/Content/Assets/Characters/Pigeon/Base/BaseRight_01_Sprite.uasset" 533
"C:/Users/Maksimov/Documents/Unreal Projects/LeadCT_TAC/Content/Assets/Characters/Pigeon/Base/Base_Idle_Right.uasset" 534
"C:/Users/Maksimov/Documents/Unreal Projects/LeadCT_TAC/Content/Assets/Characters/Pigeon/Base/BaseDown_01.uasset" 535
"C:/Users/Maksimov/Documents/Unreal Projects/LeadCT_TAC/Content/Assets/Characters/Pigeon/Base/BaseDown_01_Sprite.uasset" 536
"C:/Users/Maksimov/Documents/Unreal Projects/LeadCT_TAC/Content/Assets/Characters/Pigeon/Base/Base_Idle_Down.uasset" 537
"C:/Users/Maksimov/Documents/Unreal Projects/LeadCT_TAC/Content/Assets/Characters/Pigeon/Base/BaseUp_02.uasset" 538
"C:/Users/Maksimov/Documents/Unreal Projects/LeadCT_TAC/Content/Assets/Characters/Pigeon/Base/BaseUp_02_Sprite.uasset" 539
"C:/Users/Maksimov/Documents/Unreal Projects/LeadCT_TAC/Content/Assets/Characters/Pigeon/Base/BaseUp.uasset" 540
"C:/Users/Maksimov/Documents/Unreal Projects/LeadCT_TAC/Content/Assets/Characters/Pigeon/Base/BaseRight_02.uasset" 541
"C:/Users/Maksimov/Documents/Unreal Projects/LeadCT_TAC/Content/Assets/Characters/Pigeon/Base/BaseRight_02_Sprite.uasset" 542
"C:/Users/Maksimov/Documents/Unreal Projects/LeadCT_TAC/Content/Assets/Characters/Pigeon/Base/BaseRight.uasset" 543
"C:/Users/Maksimov/Documents/Unreal Projects/LeadCT_TAC/Content/Assets/Characters/Pigeon/Base/BaseDown_02.uasset" 544
"C:/Users/Maksimov/Documents/Unreal Projects/LeadCT_TAC/Content/Assets/Characters/Pigeon/Base/BaseDown_02_Sprite.uasset" 545
"C:/Users/Maksimov/Documents/Unreal Projects/LeadCT_TAC/Content/Assets/Characters/Pigeon/Base/BaseDown.uasset" 546
"C:/Users/Maksimov/Documents/Unreal Projects/LeadCT_TAC/Content/Blueprints/Pawns/AI/Master_AI.uasset" 547
"C:/Users/Maksimov/Documents/Unreal Projects/LeadCT_TAC/Content/Assets/Characters/Pigeon/Mister/MisterUp_01.uasset" 548
"C:/Users/Maksimov/Documents/Unreal Projects/LeadCT_TAC/Content/Assets/Characters/Pigeon/Mister/MisterUp_01_Sprite.uasset" 549
"C:/Users/Maksimov/Documents/Unreal Projects/LeadCT_TAC/Content/Assets/Characters/Pigeon/Mister/Mister_Idle_Up.uasset" 550
"C:/Users/Maksimov/Documents/Unreal Projects/LeadCT_TAC/Content/Assets/Characters/Pigeon/Mister/MisterRight_01.uasset" 551
"C:/Users/Maksimov/Documents/Unreal Projects/LeadCT_TAC/Content/Assets/Characters/Pigeon/Mister/MisterRight_01_Sprite.uasset" 552
"C:/Users/Maksimov/Documents/Unreal Projects/LeadCT_TAC/Content/Assets/Characters/Pigeon/Mister/Mister_Idle_Right.uasset" 553
"C:/Users/Maksimov/Documents/Unreal Projects/LeadCT_TAC/Content/Assets/Characters/Pigeon/Mister/MisterDown_01.uasset" 554
"C:/Users/Maksimov/Documents/Unreal Projects/LeadCT_TAC/Content/Assets/Characters/Pigeon/Mister/MisterDown_01_Sprite.uasset" 555
"C:/Users/Maksimov/Documents/Unreal Projects/LeadCT_TAC/Content/Assets/Characters/Pigeon/Mister/Mister_Idle_Down.uasset" 556
"C:/Users/Maksimov/Documents/Unreal Projects/LeadCT_TAC/Content/Assets/Characters/Pigeon/Mister/MisterUp_02.uasset" 557
"C:/Users/Maksimov/Documents/Unreal Projects/LeadCT_TAC/Content/Assets/Characters/Pigeon/Mister/MisterUp_02_Sprite.uasset" 558
"C:/Users/Maksimov/Documents/Unreal Projects/LeadCT_TAC/Content/Assets/Characters/Pigeon/Mister/MisterUp.uasset" 559
"C:/Users/Maksimov/Documents/Unreal Projects/LeadCT_TAC/Content/Assets/Characters/Pigeon/Mister/MisterRight_02.uasset" 560
"C:/Users/Maksimov/Documents/Unreal Projects/LeadCT_TAC/Content/Assets/Characters/Pigeon/Mister/MisterRight_02_Sprite.uasset" 561
"C:/Users/Maksimov/Documents/Unreal Projects/LeadCT_TAC/Content/Assets/Characters/Pigeon/Mister/MisterRight.uasset" 562
"C:/Users/Maksimov/Documents/Unreal Projects/LeadCT_TAC/Content/Assets/Characters/Pigeon/Mister/MisterDown_02.uasset" 563
"C:/Users/Maksimov/Documents/Unreal Projects/LeadCT_TAC/Content/Assets/Characters/Pigeon/Mister/MisterDown_02_Sprite.uasset" 564
"C:/Users/Maksimov/Documents/Unreal Projects/LeadCT_TAC/Content/Assets/Characters/Pigeon/Mister/MisterDown.uasset" 565
"C:/Users/Maksimov/Documents/Unreal Projects/LeadCT_TAC/Content/Assets/Characters/Pigeon/Hipster/HipsterDown_01.uasset" 566
"C:/Users/Maksimov/Documents/Unreal Projects/LeadCT_TAC/Content/Assets/Characters/Pigeon/Hipster/HipsterDown_01_Sprite.uasset" 567
"C:/Users/Maksimov/Documents/Unreal Projects/LeadCT_TAC/Content/Assets/Characters/Pigeon/Hipster/Hipster_Idle_Down.uasset" 568
"C:/Users/Maksimov/Documents/Unreal Projects/LeadCT_TAC/Content/Blueprints/Pawns/AI/Mister.uasset" 569
"C:/Users/Maksimov/Documents/Unreal Projects/LeadCT_TAC/Content/Assets/Characters/Pigeon/Hipster/HipsterRight_01.uasset" 570
"C:/Users/Maksimov/Documents/Unreal Projects/LeadCT_TAC/Content/Assets/Characters/Pigeon/Hipster/HipsterRight_01_Sprite.uasset" 571
"C:/Users/Maksimov/Documents/Unreal Projects/LeadCT_TAC/Content/Assets/Characters/Pigeon/Hipster/Hipster_Idle_Right.uasset" 572
"C:/Users/Maksimov/Documents/Unreal Projects/LeadCT_TAC/Content/Assets/Characters/Pigeon/Hipster/HipsterRight_02.uasset" 573
"C:/Users/Maksimov/Documents/Unreal Projects/LeadCT_TAC/Content/Assets/Characters/Pigeon/Hipster/HipsterRight_02_Sprite.uasset" 574
"C:/Users/Maksimov/Documents/Unreal Projects/LeadCT_TAC/Content/Assets/Characters/Pigeon/Hipster/HipsterRight.uasset" 575
"C:/Users/Maksimov/Documents/Unreal Projects/LeadCT_TAC/Content/Assets/Characters/Pigeon/Hipster/HipsterDown_02.uasset" 576
"C:/Users/Maksimov/Documents/Unreal Projects/LeadCT_TAC/Content/Assets/Characters/Pigeon/Hipster/HipsterDown_02_Sprite.uasset" 577
"C:/Users/Maksimov/Documents/Unreal Projects/LeadCT_TAC/Content/Assets/Characters/Pigeon/Hipster/HipsterDown.uasset" 578
"C:/Users/Maksimov/Documents/Unreal Projects/LeadCT_TAC/Content/Blueprints/Pawns/AI/Hipster.uasset" 579
"C:/Users/Maksimov/Documents/Unreal Projects/LeadCT_TAC/Content/Assets/Characters/Pigeon/Civil/CivilRight_01.uasset" 580
"C:/Users/Maksimov/Documents/Unreal Projects/LeadCT_TAC/Content/Assets/Characters/Pigeon/Civil/CivilRight_01_Sprite.uasset" 581
"C:/Users/Maksimov/Documents/Unreal Projects/LeadCT_TAC/Content/Assets/Characters/Pigeon/Civil/Civil_Left_Idle.uasset" 582
"C:/Users/Maksimov/Documents/Unreal Projects/LeadCT_TAC/Content/Assets/Characters/Pigeon/Civil/CivilUp_01.uasset" 583
"C:/Users/Maksimov/Documents/Unreal Projects/LeadCT_TAC/Content/Assets/Characters/Pigeon/Civil/CivilUp_01_Sprite.uasset" 584
"C:/Users/Maksimov/Documents/Unreal Projects/LeadCT_TAC/Content/Assets/Characters/Pigeon/Civil/Civil_Idle_Up.uasset" 585
"C:/Users/Maksimov/Documents/Unreal Projects/LeadCT_TAC/Content/Assets/Characters/Pigeon/Civil/CivilUp_02.uasset" 586
"C:/Users/Maksimov/Documents/Unreal Projects/LeadCT_TAC/Content/Assets/Characters/Pigeon/Civil/CivilUp_02_Sprite.uasset" 587
"C:/Users/Maksimov/Documents/Unreal Projects/LeadCT_TAC/Content/Assets/Characters/Pigeon/Civil/CivilUp.uasset" 588
"C:/Users/Maksimov/Documents/Unreal Projects/LeadCT_TAC/Content/Assets/Characters/Pigeon/Civil/CivilRight_02.uasset" 589
"C:/Users/Maksimov/Documents/Unreal Projects/LeadCT_TAC/Content/Assets/Characters/Pigeon/Civil/CivilRight_02_Sprite.uasset" 590
"C:/Users/Maksimov/Documents/Unreal Projects/LeadCT_TAC/Content/Assets/Characters/Pigeon/Civil/CivilRight.uasset" 591
"C:/Users/Maksimov/Documents/Unreal Projects/LeadCT_TAC/Content/Assets/Characters/Pigeon/Civil/CivilDown_02.uasset" 592
"C:/Users/Maksimov/Documents/Unreal Projects/LeadCT_TAC/Content/Assets/Characters/Pigeon/Civil/CivilDown_02_Sprite.uasset" 593
"C:/Users/Maksimov/Documents/Unreal Projects/LeadCT_TAC/Content/Assets/Characters/Pigeon/Civil/CivilDown_01.uasset" 594
"C:/Users/Maksimov/Documents/Unreal Projects/LeadCT_TAC/Content/Assets/Characters/Pigeon/Civil/CivilDown_01_Sprite.uasset" 595
"C:/Users/Maksimov/Documents/Unreal Projects/LeadCT_TAC/Content/Assets/Characters/Pigeon/Civil/CivilDown.uasset" 596
"C:/Users/Maksimov/Documents/Unreal Projects/LeadCT_TAC/Content/Assets/Characters/Pigeon/Civil/Civil_Idle_Down.uasset" 597
"C:/Users/Maksimov/Documents/Unreal Projects/LeadCT_TAC/Content/Blueprints/Pawns/AI/Civil.uasset" 598
"C:/Users/Maksimov/Documents/Unreal Projects/LeadCT_TAC/Content/Blueprints/Pawns/AI/Base.uasset" 599
"C:/Users/Maksimov/Documents/Unreal Projects/LeadCT_TAC/Content/Assets/Meshes/ME_cylinder_02.uasset" 600
"C:/Users/Maksimov/Documents/Unreal Projects/LeadCT_TAC/Content/Assets/Textures/T_White.uasset" 601
"C:/Users/Maksimov/Documents/Unreal Projects/LeadCT_TAC/Content/Assets/Textures/T_gradiant_03.uasset" 602
"C:/Users/Maksimov/Documents/Unreal Projects/LeadCT_TAC/Content/Assets/Textures/T_glow.uasset" 603
"C:/Users/Maksimov/Documents/Unreal Projects/LeadCT_TAC/Content/Assets/Textures/T_noise_01_repeat.uasset" 604
"C:/Users/Maksimov/Documents/Unreal Projects/LeadCT_TAC/Content/Assets/Textures/T_Noise_01.uasset" 605
"C:/Users/Maksimov/Documents/Unreal Projects/LeadCT_TAC/Content/Assets/Textures/T_gradiant_01.uasset" 606
"C:/Users/Maksimov/Documents/Unreal Projects/LeadCT_TAC/Content/Assets/Textures/T_Circle_01.uasset" 607
"../../../Engine/Content/Functions/Engine_MaterialFunctions02/SmoothStep.uasset" 608
"C:/Users/Maksimov/Documents/Unreal Projects/LeadCT_TAC/Content/Assets/Materials/M_Pixel_alphaP.uasset" 609
"C:/Users/Maksimov/Documents/Unreal Projects/LeadCT_TAC/Content/Assets/Materials/M_Pixel_alpha_glow.uasset" 610
"C:/Users/Maksimov/Documents/Unreal Projects/LeadCT_TAC/Content/Assets/Materials/M_Pixel_alpha_Portal.uasset" 611
"C:/Users/Maksimov/Documents/Unreal Projects/LeadCT_TAC/Content/Assets/Textures/T_Noise_02.uasset" 612
"C:/Users/Maksimov/Documents/Unreal Projects/LeadCT_TAC/Content/Assets/Materials/M_Pixel_alpha_darkaura.uasset" 613
"C:/Users/Maksimov/Documents/Unreal Projects/LeadCT_TAC/Content/Assets/Textures/T_CRACK.uasset" 614
"C:/Users/Maksimov/Documents/Unreal Projects/LeadCT_TAC/Content/Assets/Materials/M_Pixel_alpha_crack.uasset" 615
"C:/Users/Maksimov/Documents/Unreal Projects/LeadCT_TAC/Content/Assets/FX/P_MeshRespawn2.uasset" 616
"C:/Users/Maksimov/Documents/Unreal Projects/LeadCT_TAC/Content/Blueprints/Actors/Spawner.uasset" 617
"C:/Users/Maksimov/Documents/Unreal Projects/LeadCT_TAC/Content/Blueprints/Actors/Levels/Level_01.uasset" 618
"C:/Users/Maksimov/Documents/Unreal Projects/LeadCT_TAC/Content/Maps/Level_01.umap" 619
"C:/Users/Maksimov/Documents/Unreal Projects/LeadCT_TAC/Content/Assets/Textures/Sprites/Zabr/Stone_2.uasset" 620
"C:/Users/Maksimov/Documents/Unreal Projects/LeadCT_TAC/Content/Assets/Textures/Sprites/Zabr/Stone_2_Sprite.uasset" 621
"C:/Users/Maksimov/Documents/Unreal Projects/LeadCT_TAC/Content/Assets/Meshes/Arbat/House/StaticMesh.uasset" 622
"C:/Users/Maksimov/Documents/Unreal Projects/LeadCT_TAC/Content/Assets/Meshes/Arbat/Arc/StaticMesh.uasset" 623
"C:/Users/Maksimov/Documents/Unreal Projects/LeadCT_TAC/Content/StarterContent/Materials/M_Brick_Hewn_Stone_Inst.uasset" 624
"C:/Users/Maksimov/Documents/Unreal Projects/LeadCT_TAC/Content/Blueprints/Actors/Levels/Level_02.uasset" 625
"C:/Users/Maksimov/Documents/Unreal Projects/LeadCT_TAC/Content/Maps/Level_02.umap" 626
"C:/Users/Maksimov/Documents/Unreal Projects/LeadCT_TAC/Content/Assets/Textures/Sprites/Zabr/Stone.uasset" 627
"C:/Users/Maksimov/Documents/Unreal Projects/LeadCT_TAC/Content/Assets/Textures/Sprites/Zabr/Stone_Sprite.uasset" 628
"C:/Users/Maksimov/Documents/Unreal Projects/LeadCT_TAC/Content/Assets/Meshes/Red/Wall/Material_001.uasset" 629
"C:/Users/Maksimov/Documents/Unreal Projects/LeadCT_TAC/Content/Assets/Meshes/Red/Wall/Walls.uasset" 630
"C:/Users/Maksimov/Documents/Unreal Projects/LeadCT_TAC/Content/Assets/Meshes/Red/Tower/StaticMesh.uasset" 631
"C:/Users/Maksimov/Documents/Unreal Projects/LeadCT_TAC/Content/Blueprints/Widgets/FinalLevel.uasset" 632
"C:/Users/Maksimov/Documents/Unreal Projects/LeadCT_TAC/Content/Blueprints/Actors/Levels/Level_03.uasset" 633
"C:/Users/Maksimov/Documents/Unreal Projects/LeadCT_TAC/Content/Assets/Characters/Pigeon/Giga/GigaRight_01.uasset" 634
"C:/Users/Maksimov/Documents/Unreal Projects/LeadCT_TAC/Content/Assets/Characters/Pigeon/Giga/GigaRight_01_Sprite.uasset" 635
"C:/Users/Maksimov/Documents/Unreal Projects/LeadCT_TAC/Content/Assets/Characters/Pigeon/Giga/Giga_Idle_Left.uasset" 636
"C:/Users/Maksimov/Documents/Unreal Projects/LeadCT_TAC/Content/Assets/Characters/Pigeon/Giga/GigaRight_02.uasset" 637
"C:/Users/Maksimov/Documents/Unreal Projects/LeadCT_TAC/Content/Assets/Characters/Pigeon/Giga/GigaRight_02_Sprite.uasset" 638
"C:/Users/Maksimov/Documents/Unreal Projects/LeadCT_TAC/Content/Assets/Characters/Pigeon/Giga/GigaRight.uasset" 639
"C:/Users/Maksimov/Documents/Unreal Projects/LeadCT_TAC/Content/Blueprints/Pawns/AI/Giga.uasset" 640
"C:/Users/Maksimov/Documents/Unreal Projects/LeadCT_TAC/Content/Blueprints/Actors/BossSpawn.uasset" 641
"C:/Users/Maksimov/Documents/Unreal Projects/LeadCT_TAC/Content/Maps/Level_03.umap" 642
"C:/Users/Maksimov/Documents/Unreal Projects/LeadCT_TAC/Content/Blueprints/Widgets/MainMenu_Widget.uasset" 643
"C:/Users/Maksimov/Documents/Unreal Projects/LeadCT_TAC/Content/Blueprints/MainMenu_PC.uasset" 644
"C:/Users/Maksimov/Documents/Unreal Projects/LeadCT_TAC/Content/Blueprints/MainMenu.uasset" 645
"C:/Users/Maksimov/Documents/Unreal Projects/LeadCT_TAC/Content/Maps/MainMenu.umap" 646
"../../../Engine/Content/EditorMeshes/ColorCalibrator/M_GreyBall.uasset" 647
"../../../Engine/Content/EditorMeshes/ColorCalibrator/Color_checker.uasset" 648
"../../../Engine/Content/EditorMeshes/ColorCalibrator/M_ColorGrid.uasset" 649
"../../../Engine/Content/EditorMeshes/ColorCalibrator/M_ClearCoatBlack.uasset" 650
"../../../Engine/Content/EditorMeshes/ColorCalibrator/M_ClearCoat.uasset" 651
"../../../Engine/Content/EditorMeshes/ColorCalibrator/M_ChromeBall.uasset" 652
"../../../Engine/Content/EditorMeshes/ColorCalibrator/SM_ColorCalibrator.uasset" 653
"C:/Users/Maksimov/Documents/Unreal Projects/LeadCT_TAC/Content/StarterContent/Maps/Advanced_Lighting_BuiltData.uasset" 654
"C:/Users/Maksimov/Documents/Unreal Projects/LeadCT_TAC/Content/StarterContent/HDRI/HDRI_Epic_Courtyard_Daylight.uasset" 655
"../../../Engine/Content/MapTemplates/Sky/DaylightAmbientCubemap.uasset" 656
"C:/Users/Maksimov/Documents/Unreal Projects/LeadCT_TAC/Content/StarterContent/Blueprints/Assets/M_LightStage_Skybox_Master.uasset" 657
"C:/Users/Maksimov/Documents/Unreal Projects/LeadCT_TAC/Content/StarterContent/Blueprints/Assets/M_LightStage_Skybox_HDRI.uasset" 658
"C:/Users/Maksimov/Documents/Unreal Projects/LeadCT_TAC/Content/StarterContent/Blueprints/Assets/M_LightStage_Arrows.uasset" 659
"C:/Users/Maksimov/Documents/Unreal Projects/LeadCT_TAC/Content/StarterContent/Blueprints/Assets/SM_Arrows.uasset" 660
"../../../Engine/Content/EditorMaterials/Thumbnails/SkySphereMaterial.uasset" 661
"C:/Users/Maksimov/Documents/Unreal Projects/LeadCT_TAC/Content/StarterContent/Blueprints/Assets/Skybox.uasset" 662
"C:/Users/Maksimov/Documents/Unreal Projects/LeadCT_TAC/Content/StarterContent/Blueprints/Assets/M_LightStage_Skybox_Black.uasset" 663
"C:/Users/Maksimov/Documents/Unreal Projects/LeadCT_TAC/Content/StarterContent/Blueprints/Assets/SunlightColorLUT.uasset" 664
"C:/Users/Maksimov/Documents/Unreal Projects/LeadCT_TAC/Content/StarterContent/Blueprints/Assets/FogBrightnessLUT.uasset" 665
"C:/Users/Maksimov/Documents/Unreal Projects/LeadCT_TAC/Content/StarterContent/Blueprints/BP_LightStudio.uasset" 666
"C:/Users/Maksimov/Documents/Unreal Projects/LeadCT_TAC/Content/StarterContent/Materials/M_AssetPlatform.uasset" 667
"C:/Users/Maksimov/Documents/Unreal Projects/LeadCT_TAC/Content/StarterContent/Architecture/SM_AssetPlatform.uasset" 668
"C:/Users/Maksimov/Documents/Unreal Projects/LeadCT_TAC/Content/StarterContent/Maps/Advanced_Lighting.umap" 669
"C:/Users/Maksimov/Documents/Unreal Projects/LeadCT_TAC/Content/StarterContent/Textures/T_TableRound_N.uasset" 670
"C:/Users/Maksimov/Documents/Unreal Projects/LeadCT_TAC/Content/StarterContent/Textures/T_TableRound_M.uasset" 671
"C:/Users/Maksimov/Documents/Unreal Projects/LeadCT_TAC/Content/StarterContent/Props/Materials/M_TableRound.uasset" 672
"C:/Users/Maksimov/Documents/Unreal Projects/LeadCT_TAC/Content/StarterContent/Props/SM_TableRound.uasset" 673
"C:/Users/Maksimov/Documents/Unreal Projects/LeadCT_TAC/Content/StarterContent/Textures/T_Statue_N.uasset" 674
"C:/Users/Maksimov/Documents/Unreal Projects/LeadCT_TAC/Content/StarterContent/Textures/T_Statue_M.uasset" 675
"C:/Users/Maksimov/Documents/Unreal Projects/LeadCT_TAC/Content/StarterContent/Props/Materials/M_Statue.uasset" 676
"C:/Users/Maksimov/Documents/Unreal Projects/LeadCT_TAC/Content/StarterContent/Props/Materials/M_StatueGlass.uasset" 677
"C:/Users/Maksimov/Documents/Unreal Projects/LeadCT_TAC/Content/StarterContent/Props/SM_Statue.uasset" 678
"C:/Users/Maksimov/Documents/Unreal Projects/LeadCT_TAC/Content/StarterContent/Props/SM_Chair.uasset" 679
"C:/Users/Maksimov/Documents/Unreal Projects/LeadCT_TAC/Content/StarterContent/Textures/T_Metal_Copper_D.uasset" 680
"C:/Users/Maksimov/Documents/Unreal Projects/LeadCT_TAC/Content/StarterContent/Textures/T_Metal_Gold_N.uasset" 681
"C:/Users/Maksimov/Documents/Unreal Projects/LeadCT_TAC/Content/StarterContent/Materials/M_Metal_Copper.uasset" 682
"C:/Users/Maksimov/Documents/Unreal Projects/LeadCT_TAC/Content/StarterContent/Textures/T_Metal_Aluminum_D.uasset" 683
"C:/Users/Maksimov/Documents/Unreal Projects/LeadCT_TAC/Content/StarterContent/Materials/M_Metal_Burnished_Steel.uasset" 684
"C:/Users/Maksimov/Documents/Unreal Projects/LeadCT_TAC/Content/StarterContent/Materials/M_Metal_Brushed_Nickel.uasset" 685
"C:/Users/Maksimov/Documents/Unreal Projects/LeadCT_TAC/Content/StarterContent/Maps/Minimal_Default_BuiltData.uasset" 686
"C:/Users/Maksimov/Documents/Unreal Projects/LeadCT_TAC/Content/StarterContent/Audio/Starter_Background_Cue.uasset" 687
"C:/Users/Maksimov/Documents/Unreal Projects/LeadCT_TAC/Content/StarterContent/Architecture/Floor_400x400.uasset" 688
"C:/Users/Maksimov/Documents/Unreal Projects/LeadCT_TAC/Content/StarterContent/Maps/Minimal_Default.umap" 689
"C:/Users/Maksimov/Documents/Unreal Projects/LeadCT_TAC/Content/StarterContent/Shapes/Shape_Sphere.uasset" 690
"C:/Users/Maksimov/Documents/Unreal Projects/LeadCT_TAC/Content/StarterContent/Shapes/Shape_QuadPyramid.uasset" 691
"C:/Users/Maksimov/Documents/Unreal Projects/LeadCT_TAC/Content/StarterContent/Shapes/Shape_Cube.uasset" 692
"C:/Users/Maksimov/Documents/Unreal Projects/LeadCT_TAC/Content/StarterContent/Textures/T_Frame_N.uasset" 693
"C:/Users/Maksimov/Documents/Unreal Projects/LeadCT_TAC/Content/StarterContent/Textures/T_Frame_M.uasset" 694
"C:/Users/Maksimov/Documents/Unreal Projects/LeadCT_TAC/Content/StarterContent/Props/Materials/M_Frame.uasset" 695
"C:/Users/Maksimov/Documents/Unreal Projects/LeadCT_TAC/Content/StarterContent/Props/SM_WindowFrame.uasset" 696
"C:/Users/Maksimov/Documents/Unreal Projects/LeadCT_TAC/Content/StarterContent/Props/SM_PillarFrame300.uasset" 697
"C:/Users/Maksimov/Documents/Unreal Projects/LeadCT_TAC/Content/StarterContent/Props/SM_PillarFrame.uasset" 698
"C:/Users/Maksimov/Documents/Unreal Projects/LeadCT_TAC/Content/StarterContent/Props/SM_GlassWindow.uasset" 699
"C:/Users/Maksimov/Documents/Unreal Projects/LeadCT_TAC/Content/StarterContent/Props/SM_DoorFrame.uasset" 700
"C:/Users/Maksimov/Documents/Unreal Projects/LeadCT_TAC/Content/StarterContent/Props/SM_CornerFrame.uasset" 701
"C:/Users/Maksimov/Documents/Unreal Projects/LeadCT_TAC/Content/StarterContent/Props/MaterialSphere.uasset" 702
"C:/Users/Maksimov/Documents/Unreal Projects/LeadCT_TAC/Content/StarterContent/Textures/T_Dust_Particle_D.uasset" 703
"C:/Users/Maksimov/Documents/Unreal Projects/LeadCT_TAC/Content/StarterContent/Particles/Materials/M_Dust_Particle.uasset" 704
"C:/Users/Maksimov/Documents/Unreal Projects/LeadCT_TAC/Content/StarterContent/Particles/P_Ambient_Dust.uasset" 705
"C:/Users/Maksimov/Documents/Unreal Projects/LeadCT_TAC/Content/StarterContent/Textures/T_Wood_Walnut_N.uasset" 706
"C:/Users/Maksimov/Documents/Unreal Projects/LeadCT_TAC/Content/StarterContent/Textures/T_Wood_Walnut_D.uasset" 707
"C:/Users/Maksimov/Documents/Unreal Projects/LeadCT_TAC/Content/StarterContent/Materials/M_Wood_Walnut.uasset" 708
"C:/Users/Maksimov/Documents/Unreal Projects/LeadCT_TAC/Content/StarterContent/Textures/T_Perlin_Noise_M.uasset" 709
"C:/Users/Maksimov/Documents/Unreal Projects/LeadCT_TAC/Content/StarterContent/Textures/T_Wood_Pine_N.uasset" 710
"C:/Users/Maksimov/Documents/Unreal Projects/LeadCT_TAC/Content/StarterContent/Textures/T_Wood_Pine_D.uasset" 711
"C:/Users/Maksimov/Documents/Unreal Projects/LeadCT_TAC/Content/StarterContent/Materials/M_Wood_Pine.uasset" 712
"C:/Users/Maksimov/Documents/Unreal Projects/LeadCT_TAC/Content/StarterContent/Textures/T_Wood_Oak_N.uasset" 713
"C:/Users/Maksimov/Documents/Unreal Projects/LeadCT_TAC/Content/StarterContent/Textures/T_Wood_Oak_D.uasset" 714
"C:/Users/Maksimov/Documents/Unreal Projects/LeadCT_TAC/Content/StarterContent/Materials/M_Wood_Oak.uasset" 715
"../../../Engine/Content/Functions/Engine_MaterialFunctions01/Opacity/AlphaOffset.uasset" 716
"C:/Users/Maksimov/Documents/Unreal Projects/LeadCT_TAC/Content/StarterContent/Textures/T_Wood_Floor_Walnut_N.uasset" 717
"C:/Users/Maksimov/Documents/Unreal Projects/LeadCT_TAC/Content/StarterContent/Textures/T_Wood_Floor_Walnut_M.uasset" 718
"C:/Users/Maksimov/Documents/Unreal Projects/LeadCT_TAC/Content/StarterContent/Textures/T_Wood_Floor_Walnut_D.uasset" 719
"C:/Users/Maksimov/Documents/Unreal Projects/LeadCT_TAC/Content/StarterContent/Materials/M_Wood_Floor_Walnut_Worn.uasset" 720
"C:/Users/Maksimov/Documents/Unreal Projects/LeadCT_TAC/Content/StarterContent/Materials/M_Wood_Floor_Walnut_Polished.uasset" 721
"C:/Users/Maksimov/Documents/Unreal Projects/LeadCT_TAC/Content/StarterContent/Textures/T_Water_M.uasset" 722
"C:/Users/Maksimov/Documents/Unreal Projects/LeadCT_TAC/Content/StarterContent/Textures/T_Water_N.uasset" 723
"C:/Users/Maksimov/Documents/Unreal Projects/LeadCT_TAC/Content/StarterContent/Materials/M_Water_Ocean.uasset" 724
"C:/Users/Maksimov/Documents/Unreal Projects/LeadCT_TAC/Content/StarterContent/Materials/M_Water_Lake.uasset" 725
"C:/Users/Maksimov/Documents/Unreal Projects/LeadCT_TAC/Content/StarterContent/Textures/T_Tech_Panel_N.uasset" 726
"C:/Users/Maksimov/Documents/Unreal Projects/LeadCT_TAC/Content/StarterContent/Textures/T_Tech_Panel_M.uasset" 727
"C:/Users/Maksimov/Documents/Unreal Projects/LeadCT_TAC/Content/StarterContent/Textures/T_Metal_Steel_D.uasset" 728
"C:/Users/Maksimov/Documents/Unreal Projects/LeadCT_TAC/Content/StarterContent/Materials/M_Tech_Panel.uasset" 729
"C:/Users/Maksimov/Documents/Unreal Projects/LeadCT_TAC/Content/StarterContent/Textures/T_Tech_Hex_Tile_N.uasset" 730
"C:/Users/Maksimov/Documents/Unreal Projects/LeadCT_TAC/Content/StarterContent/Textures/T_Tech_Hex_Tile_M.uasset" 731
"C:/Users/Maksimov/Documents/Unreal Projects/LeadCT_TAC/Content/StarterContent/Materials/M_Tech_Hex_Tile_Pulse.uasset" 732
"C:/Users/Maksimov/Documents/Unreal Projects/LeadCT_TAC/Content/StarterContent/Materials/M_Tech_Hex_Tile.uasset" 733
"C:/Users/Maksimov/Documents/Unreal Projects/LeadCT_TAC/Content/StarterContent/Textures/T_Tech_Dot_N.uasset" 734
"C:/Users/Maksimov/Documents/Unreal Projects/LeadCT_TAC/Content/StarterContent/Textures/T_Tech_Dot_M.uasset" 735
"C:/Users/Maksimov/Documents/Unreal Projects/LeadCT_TAC/Content/StarterContent/Textures/T_Single_Tile_N.uasset" 736
"C:/Users/Maksimov/Documents/Unreal Projects/LeadCT_TAC/Content/StarterContent/Textures/T_Checker_Noise_M.uasset" 737
"C:/Users/Maksimov/Documents/Unreal Projects/LeadCT_TAC/Content/StarterContent/Materials/M_Tech_Checker_Dot.uasset" 738
"C:/Users/Maksimov/Documents/Unreal Projects/LeadCT_TAC/Content/StarterContent/Textures/T_Rock_Slate_N.uasset" 739
"C:/Users/Maksimov/Documents/Unreal Projects/LeadCT_TAC/Content/StarterContent/Textures/T_Rock_Slate_D.uasset" 740
"C:/Users/Maksimov/Documents/Unreal Projects/LeadCT_TAC/Content/StarterContent/Materials/M_Rock_Slate.uasset" 741
"C:/Users/Maksimov/Documents/Unreal Projects/LeadCT_TAC/Content/StarterContent/Textures/T_Rock_Sandstone_N.uasset" 742
"C:/Users/Maksimov/Documents/Unreal Projects/LeadCT_TAC/Content/StarterContent/Textures/T_Rock_Sandstone_D.uasset" 743
"C:/Users/Maksimov/Documents/Unreal Projects/LeadCT_TAC/Content/StarterContent/Materials/M_Rock_Sandstone.uasset" 744
"C:/Users/Maksimov/Documents/Unreal Projects/LeadCT_TAC/Content/StarterContent/Textures/T_Rock_Marble_Polished_D.uasset" 745
"C:/Users/Maksimov/Documents/Unreal Projects/LeadCT_TAC/Content/StarterContent/Materials/M_Rock_Marble_Polished.uasset" 746
"C:/Users/Maksimov/Documents/Unreal Projects/LeadCT_TAC/Content/StarterContent/Textures/T_Rock_Basalt_N.uasset" 747
"C:/Users/Maksimov/Documents/Unreal Projects/LeadCT_TAC/Content/StarterContent/Materials/M_Rock_Basalt.uasset" 748
"C:/Users/Maksimov/Documents/Unreal Projects/LeadCT_TAC/Content/StarterContent/Textures/T_Metal_Steel_N.uasset" 749
"C:/Users/Maksimov/Documents/Unreal Projects/LeadCT_TAC/Content/StarterContent/Materials/M_Metal_Steel.uasset" 750
"C:/Users/Maksimov/Documents/Unreal Projects/LeadCT_TAC/Content/StarterContent/Textures/T_Metal_Rust_D.uasset" 751
"C:/Users/Maksimov/Documents/Unreal Projects/LeadCT_TAC/Content/StarterContent/Textures/T_Metal_Rust_N.uasset" 752
"C:/Users/Maksimov/Documents/Unreal Projects/LeadCT_TAC/Content/StarterContent/Materials/M_Metal_Rust.uasset" 753
"C:/Users/Maksimov/Documents/Unreal Projects/LeadCT_TAC/Content/StarterContent/Textures/T_Metal_Gold_D.uasset" 754
"C:/Users/Maksimov/Documents/Unreal Projects/LeadCT_TAC/Content/StarterContent/Materials/M_Metal_Gold.uasset" 755
"C:/Users/Maksimov/Documents/Unreal Projects/LeadCT_TAC/Content/StarterContent/Materials/M_Metal_Chrome.uasset" 756
"C:/Users/Maksimov/Documents/Unreal Projects/LeadCT_TAC/Content/StarterContent/Textures/T_Ground_Moss_N.uasset" 757
"C:/Users/Maksimov/Documents/Unreal Projects/LeadCT_TAC/Content/StarterContent/Textures/T_ground_Moss_D.uasset" 758
"C:/Users/Maksimov/Documents/Unreal Projects/LeadCT_TAC/Content/StarterContent/Materials/M_Ground_Moss.uasset" 759
"C:/Users/Maksimov/Documents/Unreal Projects/LeadCT_TAC/Content/StarterContent/Textures/T_Ground_Gravel_N.uasset" 760
"C:/Users/Maksimov/Documents/Unreal Projects/LeadCT_TAC/Content/StarterContent/Textures/T_Ground_Gravel_D.uasset" 761
"C:/Users/Maksimov/Documents/Unreal Projects/LeadCT_TAC/Content/StarterContent/Materials/M_Ground_Gravel.uasset" 762
"C:/Users/Maksimov/Documents/Unreal Projects/LeadCT_TAC/Content/StarterContent/Textures/T_Ground_Grass_N.uasset" 763
"C:/Users/Maksimov/Documents/Unreal Projects/LeadCT_TAC/Content/StarterContent/Textures/T_Ground_Grass_D.uasset" 764
"C:/Users/Maksimov/Documents/Unreal Projects/LeadCT_TAC/Content/StarterContent/Materials/M_Ground_Grass.uasset" 765
"C:/Users/Maksimov/Documents/Unreal Projects/LeadCT_TAC/Content/StarterContent/Textures/T_Concrete_Tiles_Variation_M.uasset" 766
"C:/Users/Maksimov/Documents/Unreal Projects/LeadCT_TAC/Content/StarterContent/Textures/T_Concrete_Tiles_N.uasset" 767
"C:/Users/Maksimov/Documents/Unreal Projects/LeadCT_TAC/Content/StarterContent/Textures/T_Concrete_Tiles_M.uasset" 768
"C:/Users/Maksimov/Documents/Unreal Projects/LeadCT_TAC/Content/StarterContent/Textures/T_Concrete_Tiles_D.uasset" 769
"C:/Users/Maksimov/Documents/Unreal Projects/LeadCT_TAC/Content/StarterContent/Materials/M_Concrete_Tiles.uasset" 770
"C:/Users/Maksimov/Documents/Unreal Projects/LeadCT_TAC/Content/StarterContent/Textures/T_Concrete_Panels_N.uasset" 771
"C:/Users/Maksimov/Documents/Unreal Projects/LeadCT_TAC/Content/StarterContent/Textures/T_Concrete_Panels_D.uasset" 772
"C:/Users/Maksimov/Documents/Unreal Projects/LeadCT_TAC/Content/StarterContent/Materials/M_Concrete_Panels.uasset" 773
"C:/Users/Maksimov/Documents/Unreal Projects/LeadCT_TAC/Content/StarterContent/Textures/T_Concrete_Grime_D.uasset" 774
"C:/Users/Maksimov/Documents/Unreal Projects/LeadCT_TAC/Content/StarterContent/Materials/M_Concrete_Grime.uasset" 775
"C:/Users/Maksimov/Documents/Unreal Projects/LeadCT_TAC/Content/StarterContent/Textures/T_CobbleStone_Smooth_N.uasset" 776
"C:/Users/Maksimov/Documents/Unreal Projects/LeadCT_TAC/Content/StarterContent/Textures/T_CobbleStone_Smooth_M.uasset" 777
"C:/Users/Maksimov/Documents/Unreal Projects/LeadCT_TAC/Content/StarterContent/Textures/T_CobbleStone_Smooth_D.uasset" 778
"C:/Users/Maksimov/Documents/Unreal Projects/LeadCT_TAC/Content/StarterContent/Textures/T_Rock_Smooth_Granite_D.uasset" 779
"C:/Users/Maksimov/Documents/Unreal Projects/LeadCT_TAC/Content/StarterContent/Textures/T_Gradinet_01.uasset" 780
"C:/Users/Maksimov/Documents/Unreal Projects/LeadCT_TAC/Content/StarterContent/Materials/M_CobbleStone_Smooth.uasset" 781
"C:/Users/Maksimov/Documents/Unreal Projects/LeadCT_TAC/Content/StarterContent/Textures/T_CobbleStone_Rough_N.uasset" 782
"C:/Users/Maksimov/Documents/Unreal Projects/LeadCT_TAC/Content/StarterContent/Textures/T_CobbleStone_Rough_D.uasset" 783
"C:/Users/Maksimov/Documents/Unreal Projects/LeadCT_TAC/Content/StarterContent/Materials/M_CobbleStone_Rough.uasset" 784
"C:/Users/Maksimov/Documents/Unreal Projects/LeadCT_TAC/Content/StarterContent/Textures/T_CobbleStone_Pebble_N.uasset" 785
"C:/Users/Maksimov/Documents/Unreal Projects/LeadCT_TAC/Content/StarterContent/Textures/T_CobbleStone_Pebble_M.uasset" 786
"C:/Users/Maksimov/Documents/Unreal Projects/LeadCT_TAC/Content/StarterContent/Textures/T_CobbleStone_Pebble_D.uasset" 787
"C:/Users/Maksimov/Documents/Unreal Projects/LeadCT_TAC/Content/StarterContent/Materials/M_CobbleStone_Pebble.uasset" 788
"C:/Users/Maksimov/Documents/Unreal Projects/LeadCT_TAC/Content/StarterContent/Textures/T_Ceramic_Tile_N.uasset" 789
"C:/Users/Maksimov/Documents/Unreal Projects/LeadCT_TAC/Content/StarterContent/Textures/T_Ceramic_Tile_M.uasset" 790
"C:/Users/Maksimov/Documents/Unreal Projects/LeadCT_TAC/Content/StarterContent/Materials/M_Ceramic_Tile_Checker.uasset" 791
"C:/Users/Maksimov/Documents/Unreal Projects/LeadCT_TAC/Content/StarterContent/Textures/T_Brick_Cut_Stone_N.uasset" 792
"C:/Users/Maksimov/Documents/Unreal Projects/LeadCT_TAC/Content/StarterContent/Textures/T_Brick_Cut_Stone_D.uasset" 793
"C:/Users/Maksimov/Documents/Unreal Projects/LeadCT_TAC/Content/StarterContent/Materials/M_Brick_Cut_Stone.uasset" 794
"C:/Users/Maksimov/Documents/Unreal Projects/LeadCT_TAC/Content/StarterContent/Textures/T_Brick_Clay_Old_N.uasset" 795
"C:/Users/Maksimov/Documents/Unreal Projects/LeadCT_TAC/Content/StarterContent/Textures/T_Brick_Clay_Old_D.uasset" 796
"C:/Users/Maksimov/Documents/Unreal Projects/LeadCT_TAC/Content/StarterContent/Materials/M_Brick_Clay_Old.uasset" 797
"C:/Users/Maksimov/Documents/Unreal Projects/LeadCT_TAC/Content/StarterContent/Textures/T_Brick_Clay_New_N.uasset" 798
"C:/Users/Maksimov/Documents/Unreal Projects/LeadCT_TAC/Content/StarterContent/Textures/T_Brick_Clay_New_M.uasset" 799
"C:/Users/Maksimov/Documents/Unreal Projects/LeadCT_TAC/Content/StarterContent/Textures/T_Brick_Clay_New_D.uasset" 800
"C:/Users/Maksimov/Documents/Unreal Projects/LeadCT_TAC/Content/StarterContent/Materials/M_Brick_Clay_New.uasset" 801
"C:/Users/Maksimov/Documents/Unreal Projects/LeadCT_TAC/Content/StarterContent/Textures/T_Brick_Clay_Beveled_N.uasset" 802
"C:/Users/Maksimov/Documents/Unreal Projects/LeadCT_TAC/Content/StarterContent/Textures/T_Brick_Clay_Beveled_M.uasset" 803
"C:/Users/Maksimov/Documents/Unreal Projects/LeadCT_TAC/Content/StarterContent/Textures/T_Brick_Clay_Beveled_D.uasset" 804
"C:/Users/Maksimov/Documents/Unreal Projects/LeadCT_TAC/Content/StarterContent/Materials/M_Brick_Clay_Beveled.uasset" 805
"../../../Engine/Content/Functions/Engine_MaterialFunctions03/Procedurals/ComputeFilterWidth.uasset" 806
"../../../Engine/Content/EngineMaterials/AntiAliasedTextMaterialTranslucent.uasset" 807
"C:/Users/Maksimov/Documents/Unreal Projects/LeadCT_TAC/Content/StarterContent/Maps/StarterMap_BuiltData.uasset" 808
"C:/Users/Maksimov/Documents/Unreal Projects/LeadCT_TAC/Content/StarterContent/Textures/T_Concrete_Poured_N.uasset" 809
"C:/Users/Maksimov/Documents/Unreal Projects/LeadCT_TAC/Content/StarterContent/Textures/T_Concrete_Poured_D.uasset" 810
"C:/Users/Maksimov/Documents/Unreal Projects/LeadCT_TAC/Content/StarterContent/Materials/M_Concrete_Poured.uasset" 811
"C:/Users/Maksimov/Documents/Unreal Projects/LeadCT_TAC/Content/StarterContent/Textures/T_Lamp_N.uasset" 812
"C:/Users/Maksimov/Documents/Unreal Projects/LeadCT_TAC/Content/StarterContent/Textures/T_Lamp_M.uasset" 813
"C:/Users/Maksimov/Documents/Unreal Projects/LeadCT_TAC/Content/StarterContent/Props/Materials/M_Lamp.uasset" 814
"C:/Users/Maksimov/Documents/Unreal Projects/LeadCT_TAC/Content/StarterContent/Props/SM_Lamp_Wall.uasset" 815
"C:/Users/Maksimov/Documents/Unreal Projects/LeadCT_TAC/Content/StarterContent/Blueprints/Blueprint_WallSconce.uasset" 816
"C:/Users/Maksimov/Documents/Unreal Projects/LeadCT_TAC/Content/StarterContent/Particles/P_Steam_Lit.uasset" 817
"C:/Users/Maksimov/Documents/Unreal Projects/LeadCT_TAC/Content/StarterContent/Audio/Steam01_Cue.uasset" 818
"C:/Users/Maksimov/Documents/Unreal Projects/LeadCT_TAC/Content/StarterContent/Blueprints/Blueprint_Effect_Steam.uasset" 819
"C:/Users/Maksimov/Documents/Unreal Projects/LeadCT_TAC/Content/StarterContent/Textures/T_Spark_Core.uasset" 820
"C:/Users/Maksimov/Documents/Unreal Projects/LeadCT_TAC/Content/StarterContent/Particles/Materials/M_Spark.uasset" 821
"C:/Users/Maksimov/Documents/Unreal Projects/LeadCT_TAC/Content/StarterContent/Particles/Materials/M_Radial_Gradient.uasset" 822
"C:/Users/Maksimov/Documents/Unreal Projects/LeadCT_TAC/Content/StarterContent/Particles/P_Sparks.uasset" 823
"C:/Users/Maksimov/Documents/Unreal Projects/LeadCT_TAC/Content/StarterContent/Audio/Fire_Sparks01_Cue.uasset" 824
"C:/Users/Maksimov/Documents/Unreal Projects/LeadCT_TAC/Content/StarterContent/Blueprints/Blueprint_Effect_Sparks.uasset" 825
"C:/Users/Maksimov/Documents/Unreal Projects/LeadCT_TAC/Content/StarterContent/Particles/P_Smoke.uasset" 826
"C:/Users/Maksimov/Documents/Unreal Projects/LeadCT_TAC/Content/StarterContent/Audio/Smoke01_Cue.uasset" 827
"C:/Users/Maksimov/Documents/Unreal Projects/LeadCT_TAC/Content/StarterContent/Blueprints/Blueprint_Effect_Smoke.uasset" 828
"C:/Users/Maksimov/Documents/Unreal Projects/LeadCT_TAC/Content/StarterContent/Particles/Materials/M_Heat_Distortion.uasset" 829
"C:/Users/Maksimov/Documents/Unreal Projects/LeadCT_TAC/Content/StarterContent/Textures/T_Fire_Tiled_D.uasset" 830
"C:/Users/Maksimov/Documents/Unreal Projects/LeadCT_TAC/Content/StarterContent/Textures/T_Fire_SubUV.uasset" 831
"C:/Users/Maksimov/Documents/Unreal Projects/LeadCT_TAC/Content/StarterContent/Particles/Materials/M_Fire_SubUV.uasset" 832
"C:/Users/Maksimov/Documents/Unreal Projects/LeadCT_TAC/Content/StarterContent/Particles/P_Fire.uasset" 833
"C:/Users/Maksimov/Documents/Unreal Projects/LeadCT_TAC/Content/StarterContent/Audio/Fire01_Cue.uasset" 834
"C:/Users/Maksimov/Documents/Unreal Projects/LeadCT_TAC/Content/StarterContent/Blueprints/Blueprint_Effect_Fire.uasset" 835
"C:/Users/Maksimov/Documents/Unreal Projects/LeadCT_TAC/Content/StarterContent/Props/SM_Lamp_Ceiling.uasset" 836
"C:/Users/Maksimov/Documents/Unreal Projects/LeadCT_TAC/Content/StarterContent/Blueprints/Blueprint_CeilingLight.uasset" 837
"C:/Users/Maksimov/Documents/Unreal Projects/LeadCT_TAC/Content/StarterContent/Audio/Starter_Music_Cue.uasset" 838
"C:/Users/Maksimov/Documents/Unreal Projects/LeadCT_TAC/Content/StarterContent/Audio/Collapse_Cue.uasset" 839
"C:/Users/Maksimov/Documents/Unreal Projects/LeadCT_TAC/Content/StarterContent/Architecture/Wall_Window_400x300.uasset" 840
"C:/Users/Maksimov/Documents/Unreal Projects/LeadCT_TAC/Content/StarterContent/Architecture/Wall_Door_400x300.uasset" 841
"C:/Users/Maksimov/Documents/Unreal Projects/LeadCT_TAC/Content/StarterContent/Architecture/Wall_400x200.uasset" 842
"C:/Users/Maksimov/Documents/Unreal Projects/LeadCT_TAC/Content/StarterContent/Maps/StarterMap.umap" 843
"../../../Engine/Content/Maps/Entry_BuiltData.uasset" 844
"../../../Engine/Content/Maps/Entry.umap" 845
